[debug] [2025-02-02T21:27:29.197Z] ----------------------------------------------------------------------
[debug] [2025-02-02T21:27:29.199Z] Command:       C:\Program Files\nodejs\node.exe C:\Users\kristoffach\AppData\Roaming\npm\node_modules\firebase-tools\lib\bin\firebase.js deploy --only functions
[debug] [2025-02-02T21:27:29.199Z] CLI Version:   13.29.1
[debug] [2025-02-02T21:27:29.200Z] Platform:      win32
[debug] [2025-02-02T21:27:29.200Z] Node Version:  v22.1.0
[debug] [2025-02-02T21:27:29.200Z] Time:          Sun Feb 02 2025 22:27:29 GMT+0100 (Central European Standard Time)
[debug] [2025-02-02T21:27:29.200Z] ----------------------------------------------------------------------
[debug] 
[debug] [2025-02-02T21:27:29.256Z] > command requires scopes: ["email","openid","https://www.googleapis.com/auth/cloudplatformprojects.readonly","https://www.googleapis.com/auth/firebase","https://www.googleapis.com/auth/cloud-platform"]
[debug] [2025-02-02T21:27:29.257Z] > authorizing via signed-in user (kunkristoffer@gmail.com)
[debug] [2025-02-02T21:27:29.257Z] [iam] checking project dnd-misc-tools for permissions ["cloudfunctions.functions.create","cloudfunctions.functions.delete","cloudfunctions.functions.get","cloudfunctions.functions.list","cloudfunctions.functions.update","cloudfunctions.operations.get","firebase.projects.get"]
[debug] [2025-02-02T21:27:29.258Z] Checked if tokens are valid: true, expires at: 1738535003795
[debug] [2025-02-02T21:27:29.258Z] Checked if tokens are valid: true, expires at: 1738535003795
[debug] [2025-02-02T21:27:29.259Z] >>> [apiv2][query] POST https://cloudresourcemanager.googleapis.com/v1/projects/dnd-misc-tools:testIamPermissions [none]
[debug] [2025-02-02T21:27:29.259Z] >>> [apiv2][(partial)header] POST https://cloudresourcemanager.googleapis.com/v1/projects/dnd-misc-tools:testIamPermissions x-goog-quota-user=projects/dnd-misc-tools
[debug] [2025-02-02T21:27:29.259Z] >>> [apiv2][body] POST https://cloudresourcemanager.googleapis.com/v1/projects/dnd-misc-tools:testIamPermissions {"permissions":["cloudfunctions.functions.create","cloudfunctions.functions.delete","cloudfunctions.functions.get","cloudfunctions.functions.list","cloudfunctions.functions.update","cloudfunctions.operations.get","firebase.projects.get"]}
[debug] [2025-02-02T21:27:30.419Z] <<< [apiv2][status] POST https://cloudresourcemanager.googleapis.com/v1/projects/dnd-misc-tools:testIamPermissions 200
[debug] [2025-02-02T21:27:30.420Z] <<< [apiv2][body] POST https://cloudresourcemanager.googleapis.com/v1/projects/dnd-misc-tools:testIamPermissions {"permissions":["cloudfunctions.functions.create","cloudfunctions.functions.delete","cloudfunctions.functions.get","cloudfunctions.functions.list","cloudfunctions.functions.update","cloudfunctions.operations.get","firebase.projects.get"]}
[debug] [2025-02-02T21:27:30.420Z] Checked if tokens are valid: true, expires at: 1738535003795
[debug] [2025-02-02T21:27:30.420Z] Checked if tokens are valid: true, expires at: 1738535003795
[debug] [2025-02-02T21:27:30.420Z] >>> [apiv2][query] POST https://iam.googleapis.com/v1/projects/dnd-misc-tools/serviceAccounts/dnd-misc-tools@appspot.gserviceaccount.com:testIamPermissions [none]
[debug] [2025-02-02T21:27:30.420Z] >>> [apiv2][body] POST https://iam.googleapis.com/v1/projects/dnd-misc-tools/serviceAccounts/dnd-misc-tools@appspot.gserviceaccount.com:testIamPermissions {"permissions":["iam.serviceAccounts.actAs"]}
[debug] [2025-02-02T21:27:30.761Z] <<< [apiv2][status] POST https://iam.googleapis.com/v1/projects/dnd-misc-tools/serviceAccounts/dnd-misc-tools@appspot.gserviceaccount.com:testIamPermissions 200
[debug] [2025-02-02T21:27:30.761Z] <<< [apiv2][body] POST https://iam.googleapis.com/v1/projects/dnd-misc-tools/serviceAccounts/dnd-misc-tools@appspot.gserviceaccount.com:testIamPermissions {"permissions":["iam.serviceAccounts.actAs"]}
[info] 
[info] === Deploying to 'dnd-misc-tools'...
[info] 
[info] i  deploying functions 
[info] Running command: npm --prefix "$RESOURCE_DIR" run build
[info] +  functions: Finished running predeploy script. 
[debug] [2025-02-02T21:27:35.241Z] Checked if tokens are valid: true, expires at: 1738535003795
[debug] [2025-02-02T21:27:35.241Z] Checked if tokens are valid: true, expires at: 1738535003795
[debug] [2025-02-02T21:27:35.241Z] >>> [apiv2][query] GET https://cloudresourcemanager.googleapis.com/v1/projects/dnd-misc-tools [none]
[debug] [2025-02-02T21:27:35.445Z] <<< [apiv2][status] GET https://cloudresourcemanager.googleapis.com/v1/projects/dnd-misc-tools 200
[debug] [2025-02-02T21:27:35.445Z] <<< [apiv2][body] GET https://cloudresourcemanager.googleapis.com/v1/projects/dnd-misc-tools {"projectNumber":"22467747328","projectId":"dnd-misc-tools","lifecycleState":"ACTIVE","name":"dnd misc tools","labels":{"firebase":"enabled","firebase-core":"disabled"},"createTime":"2025-01-25T13:27:12.256305Z"}
[info] i  functions: preparing codebase default for deployment 
[info] i  functions: ensuring required API cloudfunctions.googleapis.com is enabled... 
[debug] [2025-02-02T21:27:35.446Z] Checked if tokens are valid: true, expires at: 1738535003795
[debug] [2025-02-02T21:27:35.446Z] Checked if tokens are valid: true, expires at: 1738535003795
[debug] [2025-02-02T21:27:35.447Z] Checked if tokens are valid: true, expires at: 1738535003795
[debug] [2025-02-02T21:27:35.447Z] Checked if tokens are valid: true, expires at: 1738535003795
[info] i  functions: ensuring required API cloudbuild.googleapis.com is enabled... 
[debug] [2025-02-02T21:27:35.447Z] Checked if tokens are valid: true, expires at: 1738535003795
[debug] [2025-02-02T21:27:35.447Z] Checked if tokens are valid: true, expires at: 1738535003795
[info] i  artifactregistry: ensuring required API artifactregistry.googleapis.com is enabled... 
[debug] [2025-02-02T21:27:35.447Z] Checked if tokens are valid: true, expires at: 1738535003795
[debug] [2025-02-02T21:27:35.447Z] Checked if tokens are valid: true, expires at: 1738535003795
[debug] [2025-02-02T21:27:35.447Z] >>> [apiv2][query] GET https://serviceusage.googleapis.com/v1/projects/dnd-misc-tools/services/cloudfunctions.googleapis.com [none]
[debug] [2025-02-02T21:27:35.447Z] >>> [apiv2][(partial)header] GET https://serviceusage.googleapis.com/v1/projects/dnd-misc-tools/services/cloudfunctions.googleapis.com x-goog-quota-user=projects/dnd-misc-tools
[debug] [2025-02-02T21:27:35.448Z] >>> [apiv2][query] GET https://serviceusage.googleapis.com/v1/projects/dnd-misc-tools/services/runtimeconfig.googleapis.com [none]
[debug] [2025-02-02T21:27:35.448Z] >>> [apiv2][(partial)header] GET https://serviceusage.googleapis.com/v1/projects/dnd-misc-tools/services/runtimeconfig.googleapis.com x-goog-quota-user=projects/dnd-misc-tools
[debug] [2025-02-02T21:27:35.449Z] >>> [apiv2][query] GET https://serviceusage.googleapis.com/v1/projects/dnd-misc-tools/services/cloudbuild.googleapis.com [none]
[debug] [2025-02-02T21:27:35.449Z] >>> [apiv2][(partial)header] GET https://serviceusage.googleapis.com/v1/projects/dnd-misc-tools/services/cloudbuild.googleapis.com x-goog-quota-user=projects/dnd-misc-tools
[debug] [2025-02-02T21:27:35.450Z] >>> [apiv2][query] GET https://serviceusage.googleapis.com/v1/projects/dnd-misc-tools/services/artifactregistry.googleapis.com [none]
[debug] [2025-02-02T21:27:35.450Z] >>> [apiv2][(partial)header] GET https://serviceusage.googleapis.com/v1/projects/dnd-misc-tools/services/artifactregistry.googleapis.com x-goog-quota-user=projects/dnd-misc-tools
[debug] [2025-02-02T21:27:36.380Z] <<< [apiv2][status] GET https://serviceusage.googleapis.com/v1/projects/dnd-misc-tools/services/cloudbuild.googleapis.com 200
[debug] [2025-02-02T21:27:36.380Z] <<< [apiv2][body] GET https://serviceusage.googleapis.com/v1/projects/dnd-misc-tools/services/cloudbuild.googleapis.com [omitted]
[info] +  functions: required API cloudbuild.googleapis.com is enabled 
[debug] [2025-02-02T21:27:36.389Z] <<< [apiv2][status] GET https://serviceusage.googleapis.com/v1/projects/dnd-misc-tools/services/artifactregistry.googleapis.com 200
[debug] [2025-02-02T21:27:36.389Z] <<< [apiv2][body] GET https://serviceusage.googleapis.com/v1/projects/dnd-misc-tools/services/artifactregistry.googleapis.com [omitted]
[info] +  artifactregistry: required API artifactregistry.googleapis.com is enabled 
[debug] [2025-02-02T21:27:36.398Z] <<< [apiv2][status] GET https://serviceusage.googleapis.com/v1/projects/dnd-misc-tools/services/runtimeconfig.googleapis.com 200
[debug] [2025-02-02T21:27:36.398Z] <<< [apiv2][body] GET https://serviceusage.googleapis.com/v1/projects/dnd-misc-tools/services/runtimeconfig.googleapis.com [omitted]
[debug] [2025-02-02T21:27:36.415Z] <<< [apiv2][status] GET https://serviceusage.googleapis.com/v1/projects/dnd-misc-tools/services/cloudfunctions.googleapis.com 200
[debug] [2025-02-02T21:27:36.415Z] <<< [apiv2][body] GET https://serviceusage.googleapis.com/v1/projects/dnd-misc-tools/services/cloudfunctions.googleapis.com [omitted]
[info] +  functions: required API cloudfunctions.googleapis.com is enabled 
[debug] [2025-02-02T21:27:36.416Z] Checked if tokens are valid: true, expires at: 1738535003795
[debug] [2025-02-02T21:27:36.416Z] Checked if tokens are valid: true, expires at: 1738535003795
[debug] [2025-02-02T21:27:36.416Z] >>> [apiv2][query] GET https://firebase.googleapis.com/v1beta1/projects/dnd-misc-tools/adminSdkConfig [none]
[debug] [2025-02-02T21:27:36.682Z] <<< [apiv2][status] GET https://firebase.googleapis.com/v1beta1/projects/dnd-misc-tools/adminSdkConfig 200
[debug] [2025-02-02T21:27:36.682Z] <<< [apiv2][body] GET https://firebase.googleapis.com/v1beta1/projects/dnd-misc-tools/adminSdkConfig {"projectId":"dnd-misc-tools","storageBucket":"dnd-misc-tools.firebasestorage.app"}
[debug] [2025-02-02T21:27:36.682Z] Checked if tokens are valid: true, expires at: 1738535003795
[debug] [2025-02-02T21:27:36.682Z] Checked if tokens are valid: true, expires at: 1738535003795
[debug] [2025-02-02T21:27:36.682Z] >>> [apiv2][query] GET https://runtimeconfig.googleapis.com/v1beta1/projects/dnd-misc-tools/configs [none]
[debug] [2025-02-02T21:27:37.638Z] <<< [apiv2][status] GET https://runtimeconfig.googleapis.com/v1beta1/projects/dnd-misc-tools/configs 200
[debug] [2025-02-02T21:27:37.638Z] <<< [apiv2][body] GET https://runtimeconfig.googleapis.com/v1beta1/projects/dnd-misc-tools/configs {}
[debug] [2025-02-02T21:27:37.639Z] Validating nodejs source
[debug] [2025-02-02T21:27:38.526Z] > [functions] package.json contents: {
  "name": "functions",
  "scripts": {
    "build": "tsc",
    "build:watch": "tsc --watch",
    "serve": "npm run build && firebase emulators:start --only functions",
    "shell": "npm run build && firebase functions:shell",
    "start": "npm run shell",
    "deploy": "firebase deploy --only functions",
    "logs": "firebase functions:log"
  },
  "engines": {
    "node": "22"
  },
  "main": "lib/index.js",
  "dependencies": {
    "firebase-admin": "^12.6.0",
    "firebase-functions": "^6.0.1"
  },
  "devDependencies": {
    "firebase-functions-test": "^3.1.0",
    "typescript": "^5.7.3"
  },
  "private": true
}
[debug] [2025-02-02T21:27:38.526Z] Building nodejs source
[info] i  functions: Loading and analyzing source code for codebase default to determine what to deploy 
[debug] [2025-02-02T21:27:38.527Z] Could not find functions.yaml. Must use http discovery
[debug] [2025-02-02T21:27:38.535Z] Found firebase-functions binary at 'D:\projects\public\dnd-misc-tools\functions\node_modules\.bin\firebase-functions'
[info] Serving at port 8899

[debug] [2025-02-02T21:27:38.882Z] Got response from /__/functions.yaml {"endpoints":{"createUserProfile":{"availableMemoryMb":null,"timeoutSeconds":null,"minInstances":null,"maxInstances":null,"ingressSettings":null,"concurrency":null,"serviceAccountEmail":null,"vpc":null,"platform":"gcfv2","labels":{},"blockingTrigger":{"eventType":"providers/cloud.auth/eventTypes/user.beforeCreate","options":{"accessToken":false,"idToken":false,"refreshToken":false}},"entryPoint":"createUserProfile"}},"specVersion":"v1alpha1","requiredAPIs":[{"api":"identitytoolkit.googleapis.com","reason":"Needed for auth blocking functions"}],"extensions":{}}
[info] i  extensions: ensuring required API firebaseextensions.googleapis.com is enabled... 
[debug] [2025-02-02T21:27:43.912Z] Checked if tokens are valid: true, expires at: 1738535003795
[debug] [2025-02-02T21:27:43.913Z] Checked if tokens are valid: true, expires at: 1738535003795
[debug] [2025-02-02T21:27:43.913Z] >>> [apiv2][query] GET https://serviceusage.googleapis.com/v1/projects/dnd-misc-tools/services/firebaseextensions.googleapis.com [none]
[debug] [2025-02-02T21:27:43.913Z] >>> [apiv2][(partial)header] GET https://serviceusage.googleapis.com/v1/projects/dnd-misc-tools/services/firebaseextensions.googleapis.com x-goog-quota-user=projects/dnd-misc-tools
[debug] [2025-02-02T21:27:45.022Z] <<< [apiv2][status] GET https://serviceusage.googleapis.com/v1/projects/dnd-misc-tools/services/firebaseextensions.googleapis.com 200
[debug] [2025-02-02T21:27:45.022Z] <<< [apiv2][body] GET https://serviceusage.googleapis.com/v1/projects/dnd-misc-tools/services/firebaseextensions.googleapis.com [omitted]
[info] +  extensions: required API firebaseextensions.googleapis.com is enabled 
[debug] [2025-02-02T21:27:45.022Z] > command requires scopes: ["email","openid","https://www.googleapis.com/auth/cloudplatformprojects.readonly","https://www.googleapis.com/auth/firebase","https://www.googleapis.com/auth/cloud-platform"]
[debug] [2025-02-02T21:27:45.022Z] > authorizing via signed-in user (kunkristoffer@gmail.com)
[debug] [2025-02-02T21:27:45.022Z] [iam] checking project dnd-misc-tools for permissions ["firebase.projects.get","firebaseextensions.instances.list"]
[debug] [2025-02-02T21:27:45.022Z] Checked if tokens are valid: true, expires at: 1738535003795
[debug] [2025-02-02T21:27:45.023Z] Checked if tokens are valid: true, expires at: 1738535003795
[debug] [2025-02-02T21:27:45.023Z] >>> [apiv2][query] POST https://cloudresourcemanager.googleapis.com/v1/projects/dnd-misc-tools:testIamPermissions [none]
[debug] [2025-02-02T21:27:45.023Z] >>> [apiv2][(partial)header] POST https://cloudresourcemanager.googleapis.com/v1/projects/dnd-misc-tools:testIamPermissions x-goog-quota-user=projects/dnd-misc-tools
[debug] [2025-02-02T21:27:45.023Z] >>> [apiv2][body] POST https://cloudresourcemanager.googleapis.com/v1/projects/dnd-misc-tools:testIamPermissions {"permissions":["firebase.projects.get","firebaseextensions.instances.list"]}
[debug] [2025-02-02T21:27:45.780Z] <<< [apiv2][status] POST https://cloudresourcemanager.googleapis.com/v1/projects/dnd-misc-tools:testIamPermissions 200
[debug] [2025-02-02T21:27:45.780Z] <<< [apiv2][body] POST https://cloudresourcemanager.googleapis.com/v1/projects/dnd-misc-tools:testIamPermissions {"permissions":["firebase.projects.get","firebaseextensions.instances.list"]}
[debug] [2025-02-02T21:27:45.781Z] Checked if tokens are valid: true, expires at: 1738535003795
[debug] [2025-02-02T21:27:45.781Z] Checked if tokens are valid: true, expires at: 1738535003795
[debug] [2025-02-02T21:27:45.781Z] >>> [apiv2][query] GET https://firebaseextensions.googleapis.com/v1beta/projects/dnd-misc-tools/instances pageSize=100&pageToken=
[debug] [2025-02-02T21:27:46.642Z] <<< [apiv2][status] GET https://firebaseextensions.googleapis.com/v1beta/projects/dnd-misc-tools/instances 200
[debug] [2025-02-02T21:27:46.642Z] <<< [apiv2][body] GET https://firebaseextensions.googleapis.com/v1beta/projects/dnd-misc-tools/instances {}
[info] i  functions: preparing functions directory for uploading... 
[info] i  functions: packaged D:\projects\public\dnd-misc-tools\functions (63.05 KB) for uploading 
[debug] [2025-02-02T21:27:46.670Z] Checked if tokens are valid: true, expires at: 1738535003795
[debug] [2025-02-02T21:27:46.670Z] Checked if tokens are valid: true, expires at: 1738535003795
[debug] [2025-02-02T21:27:46.671Z] >>> [apiv2][query] GET https://cloudfunctions.googleapis.com/v1/projects/dnd-misc-tools/locations/-/functions [none]
[debug] [2025-02-02T21:27:47.429Z] <<< [apiv2][status] GET https://cloudfunctions.googleapis.com/v1/projects/dnd-misc-tools/locations/-/functions 200
[debug] [2025-02-02T21:27:47.429Z] <<< [apiv2][body] GET https://cloudfunctions.googleapis.com/v1/projects/dnd-misc-tools/locations/-/functions {}
[debug] [2025-02-02T21:27:47.430Z] Checked if tokens are valid: true, expires at: 1738535003795
[debug] [2025-02-02T21:27:47.430Z] Checked if tokens are valid: true, expires at: 1738535003795
[debug] [2025-02-02T21:27:47.430Z] >>> [apiv2][query] GET https://cloudfunctions.googleapis.com/v2/projects/dnd-misc-tools/locations/-/functions filter=environment%3D%22GEN_2%22
[debug] [2025-02-02T21:27:48.503Z] <<< [apiv2][status] GET https://cloudfunctions.googleapis.com/v2/projects/dnd-misc-tools/locations/-/functions 200
[debug] [2025-02-02T21:27:48.503Z] <<< [apiv2][body] GET https://cloudfunctions.googleapis.com/v2/projects/dnd-misc-tools/locations/-/functions {"functions":[{"name":"projects/dnd-misc-tools/locations/us-central1/functions/createUserProfile","buildConfig":{"build":"projects/22467747328/locations/us-central1/builds/01cce292-62a9-44cb-a942-0c2bb064094a","runtime":"nodejs22","entryPoint":"createUserProfile","source":{"storageSource":{"bucket":"gcf-v2-sources-22467747328-us-central1","object":"createUserProfile/function-source.zip","generation":"1738530975765466"}},"environmentVariables":{"GOOGLE_NODE_RUN_SCRIPTS":""},"dockerRepository":"projects/dnd-misc-tools/locations/us-central1/repositories/gcf-artifacts","sourceProvenance":{"resolvedStorageSource":{"bucket":"gcf-v2-sources-22467747328-us-central1","object":"createUserProfile/function-source.zip","generation":"1738530975765466"}},"dockerRegistry":"ARTIFACT_REGISTRY","serviceAccount":"projects/dnd-misc-tools/serviceAccounts/22467747328-compute@developer.gserviceaccount.com","automaticUpdatePolicy":{}},"serviceConfig":{"service":"projects/dnd-misc-tools/locations/us-central1/services/createuserprofile","timeoutSeconds":60,"environmentVariables":{"FIREBASE_CONFIG":"{\"projectId\":\"dnd-misc-tools\",\"storageBucket\":\"dnd-misc-tools.firebasestorage.app\"}","GCLOUD_PROJECT":"dnd-misc-tools","EVENTARC_CLOUD_EVENT_SOURCE":"projects/dnd-misc-tools/locations/us-central1/services/createUserProfile","FUNCTION_TARGET":"createUserProfile","LOG_EXECUTION_ID":"true"},"maxInstanceCount":100,"ingressSettings":"ALLOW_ALL","uri":"https://createuserprofile-zmz42goduq-uc.a.run.app","serviceAccountEmail":"22467747328-compute@developer.gserviceaccount.com","availableMemory":"256Mi","allTrafficOnLatestRevision":true,"revision":"createuserprofile-00002-xer","maxInstanceRequestConcurrency":80,"availableCpu":"1"},"state":"ACTIVE","updateTime":"2025-02-02T21:17:00.678430281Z","labels":{"firebase-functions-hash":"27c5097de6f8d7de884ae76b980102c88d3933ea","deployment-tool":"cli-firebase","deployment-blocking":"before-create"},"environment":"GEN_2","url":"https://us-central1-dnd-misc-tools.cloudfunctions.net/createUserProfile","createTime":"2025-02-02T21:07:33.016924522Z"}]}
[info] i  functions: ensuring required API identitytoolkit.googleapis.com is enabled... 
[debug] [2025-02-02T21:27:48.505Z] Checked if tokens are valid: true, expires at: 1738535003795
[debug] [2025-02-02T21:27:48.505Z] Checked if tokens are valid: true, expires at: 1738535003795
[debug] [2025-02-02T21:27:48.505Z] >>> [apiv2][query] GET https://serviceusage.googleapis.com/v1/projects/dnd-misc-tools/services/identitytoolkit.googleapis.com [none]
[debug] [2025-02-02T21:27:48.505Z] >>> [apiv2][(partial)header] GET https://serviceusage.googleapis.com/v1/projects/dnd-misc-tools/services/identitytoolkit.googleapis.com x-goog-quota-user=projects/dnd-misc-tools
[debug] [2025-02-02T21:27:48.851Z] <<< [apiv2][status] GET https://serviceusage.googleapis.com/v1/projects/dnd-misc-tools/services/identitytoolkit.googleapis.com 200
[debug] [2025-02-02T21:27:48.851Z] <<< [apiv2][body] GET https://serviceusage.googleapis.com/v1/projects/dnd-misc-tools/services/identitytoolkit.googleapis.com [omitted]
[info] +  functions: required API identitytoolkit.googleapis.com is enabled 
[info] i  functions: ensuring required API run.googleapis.com is enabled... 
[debug] [2025-02-02T21:27:48.852Z] Checked if tokens are valid: true, expires at: 1738535003795
[debug] [2025-02-02T21:27:48.852Z] Checked if tokens are valid: true, expires at: 1738535003795
[info] i  functions: ensuring required API eventarc.googleapis.com is enabled... 
[debug] [2025-02-02T21:27:48.852Z] Checked if tokens are valid: true, expires at: 1738535003795
[debug] [2025-02-02T21:27:48.852Z] Checked if tokens are valid: true, expires at: 1738535003795
[info] i  functions: ensuring required API pubsub.googleapis.com is enabled... 
[debug] [2025-02-02T21:27:48.852Z] Checked if tokens are valid: true, expires at: 1738535003795
[debug] [2025-02-02T21:27:48.852Z] Checked if tokens are valid: true, expires at: 1738535003795
[info] i  functions: ensuring required API storage.googleapis.com is enabled... 
[debug] [2025-02-02T21:27:48.852Z] Checked if tokens are valid: true, expires at: 1738535003795
[debug] [2025-02-02T21:27:48.852Z] Checked if tokens are valid: true, expires at: 1738535003795
[debug] [2025-02-02T21:27:48.852Z] >>> [apiv2][query] GET https://serviceusage.googleapis.com/v1/projects/dnd-misc-tools/services/run.googleapis.com [none]
[debug] [2025-02-02T21:27:48.852Z] >>> [apiv2][(partial)header] GET https://serviceusage.googleapis.com/v1/projects/dnd-misc-tools/services/run.googleapis.com x-goog-quota-user=projects/dnd-misc-tools
[debug] [2025-02-02T21:27:48.853Z] >>> [apiv2][query] GET https://serviceusage.googleapis.com/v1/projects/dnd-misc-tools/services/eventarc.googleapis.com [none]
[debug] [2025-02-02T21:27:48.853Z] >>> [apiv2][(partial)header] GET https://serviceusage.googleapis.com/v1/projects/dnd-misc-tools/services/eventarc.googleapis.com x-goog-quota-user=projects/dnd-misc-tools
[debug] [2025-02-02T21:27:48.854Z] >>> [apiv2][query] GET https://serviceusage.googleapis.com/v1/projects/dnd-misc-tools/services/pubsub.googleapis.com [none]
[debug] [2025-02-02T21:27:48.854Z] >>> [apiv2][(partial)header] GET https://serviceusage.googleapis.com/v1/projects/dnd-misc-tools/services/pubsub.googleapis.com x-goog-quota-user=projects/dnd-misc-tools
[debug] [2025-02-02T21:27:48.855Z] >>> [apiv2][query] GET https://serviceusage.googleapis.com/v1/projects/dnd-misc-tools/services/storage.googleapis.com [none]
[debug] [2025-02-02T21:27:48.855Z] >>> [apiv2][(partial)header] GET https://serviceusage.googleapis.com/v1/projects/dnd-misc-tools/services/storage.googleapis.com x-goog-quota-user=projects/dnd-misc-tools
[debug] [2025-02-02T21:27:49.388Z] <<< [apiv2][status] GET https://serviceusage.googleapis.com/v1/projects/dnd-misc-tools/services/run.googleapis.com 200
[debug] [2025-02-02T21:27:49.388Z] <<< [apiv2][body] GET https://serviceusage.googleapis.com/v1/projects/dnd-misc-tools/services/run.googleapis.com [omitted]
[info] +  functions: required API run.googleapis.com is enabled 
[debug] [2025-02-02T21:27:49.780Z] <<< [apiv2][status] GET https://serviceusage.googleapis.com/v1/projects/dnd-misc-tools/services/eventarc.googleapis.com 200
[debug] [2025-02-02T21:27:49.780Z] <<< [apiv2][body] GET https://serviceusage.googleapis.com/v1/projects/dnd-misc-tools/services/eventarc.googleapis.com [omitted]
[info] +  functions: required API eventarc.googleapis.com is enabled 
[debug] [2025-02-02T21:27:49.781Z] <<< [apiv2][status] GET https://serviceusage.googleapis.com/v1/projects/dnd-misc-tools/services/pubsub.googleapis.com 200
[debug] [2025-02-02T21:27:49.781Z] <<< [apiv2][body] GET https://serviceusage.googleapis.com/v1/projects/dnd-misc-tools/services/pubsub.googleapis.com [omitted]
[info] +  functions: required API pubsub.googleapis.com is enabled 
[debug] [2025-02-02T21:27:49.813Z] <<< [apiv2][status] GET https://serviceusage.googleapis.com/v1/projects/dnd-misc-tools/services/storage.googleapis.com 200
[debug] [2025-02-02T21:27:49.813Z] <<< [apiv2][body] GET https://serviceusage.googleapis.com/v1/projects/dnd-misc-tools/services/storage.googleapis.com [omitted]
[info] +  functions: required API storage.googleapis.com is enabled 
[info] i  functions: generating the service identity for pubsub.googleapis.com... 
[debug] [2025-02-02T21:27:49.813Z] Checked if tokens are valid: true, expires at: 1738535003795
[debug] [2025-02-02T21:27:49.814Z] Checked if tokens are valid: true, expires at: 1738535003795
[info] i  functions: generating the service identity for eventarc.googleapis.com... 
[debug] [2025-02-02T21:27:49.814Z] Checked if tokens are valid: true, expires at: 1738535003795
[debug] [2025-02-02T21:27:49.814Z] Checked if tokens are valid: true, expires at: 1738535003795
[debug] [2025-02-02T21:27:49.814Z] >>> [apiv2][query] POST https://serviceusage.googleapis.com/v1beta1/projects/22467747328/services/pubsub.googleapis.com:generateServiceIdentity [none]
[debug] [2025-02-02T21:27:49.814Z] >>> [apiv2][query] POST https://serviceusage.googleapis.com/v1beta1/projects/22467747328/services/eventarc.googleapis.com:generateServiceIdentity [none]
[debug] [2025-02-02T21:27:50.229Z] <<< [apiv2][status] POST https://serviceusage.googleapis.com/v1beta1/projects/22467747328/services/pubsub.googleapis.com:generateServiceIdentity 200
[debug] [2025-02-02T21:27:50.229Z] <<< [apiv2][body] POST https://serviceusage.googleapis.com/v1beta1/projects/22467747328/services/pubsub.googleapis.com:generateServiceIdentity {"name":"operations/finished.DONE_OPERATION","done":true,"response":{"@type":"type.googleapis.com/google.api.serviceusage.v1beta1.ServiceIdentity","email":"service-22467747328@gcp-sa-pubsub.iam.gserviceaccount.com","uniqueId":"110448640141430387514"}}
[debug] [2025-02-02T21:27:50.771Z] <<< [apiv2][status] POST https://serviceusage.googleapis.com/v1beta1/projects/22467747328/services/eventarc.googleapis.com:generateServiceIdentity 200
[debug] [2025-02-02T21:27:50.771Z] <<< [apiv2][body] POST https://serviceusage.googleapis.com/v1beta1/projects/22467747328/services/eventarc.googleapis.com:generateServiceIdentity {"name":"operations/finished.DONE_OPERATION","done":true,"response":{"@type":"type.googleapis.com/google.api.serviceusage.v1beta1.ServiceIdentity","email":"service-22467747328@gcp-sa-eventarc.iam.gserviceaccount.com","uniqueId":"107165976101361170778"}}
[debug] [2025-02-02T21:27:50.772Z] Checked if tokens are valid: true, expires at: 1738535003795
[debug] [2025-02-02T21:27:50.772Z] Checked if tokens are valid: true, expires at: 1738535003795
[debug] [2025-02-02T21:27:50.772Z] >>> [apiv2][query] GET https://cloudresourcemanager.googleapis.com/v1/projects/dnd-misc-tools [none]
[debug] [2025-02-02T21:27:50.975Z] <<< [apiv2][status] GET https://cloudresourcemanager.googleapis.com/v1/projects/dnd-misc-tools 200
[debug] [2025-02-02T21:27:50.975Z] <<< [apiv2][body] GET https://cloudresourcemanager.googleapis.com/v1/projects/dnd-misc-tools {"projectNumber":"22467747328","projectId":"dnd-misc-tools","lifecycleState":"ACTIVE","name":"dnd misc tools","labels":{"firebase":"enabled","firebase-core":"disabled"},"createTime":"2025-01-25T13:27:12.256305Z"}
[debug] [2025-02-02T21:27:50.976Z] Checked if tokens are valid: true, expires at: 1738535003795
[debug] [2025-02-02T21:27:50.976Z] Checked if tokens are valid: true, expires at: 1738535003795
[debug] [2025-02-02T21:27:50.976Z] >>> [apiv2][query] GET https://cloudbilling.googleapis.com/v1/projects/dnd-misc-tools/billingInfo [none]
[debug] [2025-02-02T21:27:51.916Z] <<< [apiv2][status] GET https://cloudbilling.googleapis.com/v1/projects/dnd-misc-tools/billingInfo 200
[debug] [2025-02-02T21:27:51.917Z] <<< [apiv2][body] GET https://cloudbilling.googleapis.com/v1/projects/dnd-misc-tools/billingInfo {"name":"projects/dnd-misc-tools/billingInfo","projectId":"dnd-misc-tools","billingAccountName":"billingAccounts/017987-599B6A-D1117F","billingEnabled":true}
[debug] [2025-02-02T21:27:51.918Z] Checked if tokens are valid: true, expires at: 1738535003795
[debug] [2025-02-02T21:27:51.918Z] Checked if tokens are valid: true, expires at: 1738535003795
[debug] [2025-02-02T21:27:51.918Z] >>> [apiv2][query] POST https://cloudfunctions.googleapis.com/v2/projects/dnd-misc-tools/locations/us-central1/functions:generateUploadUrl [none]
[debug] [2025-02-02T21:27:52.788Z] <<< [apiv2][status] POST https://cloudfunctions.googleapis.com/v2/projects/dnd-misc-tools/locations/us-central1/functions:generateUploadUrl 200
[debug] [2025-02-02T21:27:52.788Z] <<< [apiv2][body] POST https://cloudfunctions.googleapis.com/v2/projects/dnd-misc-tools/locations/us-central1/functions:generateUploadUrl {"uploadUrl":"https://storage.googleapis.com/gcf-v2-uploads-22467747328.us-central1.cloudfunctions.appspot.com/36b5959e-9602-4f24-9032-7c78f6cad7ab.zip?GoogleAccessId=service-22467747328@gcf-admin-robot.iam.gserviceaccount.com&Expires=1738533472&Signature=QXPv8SwrcWAa%2Fn3L16IQqKEUGYCO6LspBWirp%2B4A20Mt88xYEGf5p0mWK1M2hho3qxqODLDD9jWVbIyDxFhpgEubKA3u9%2BFR8dFppRuz4Cr6oabSaPXlN5VrB6FoyUSX%2FIOFi6CRbcU7nz5VlULyTG1CDN684JUcuqy6gxz08f5AwsoYP0fVUIn2CLth1MffI7YQ2UVmVJlH4xUjluN4Mecil%2FcJeFn5jIwF6zdInwtudt0gyHCg2M2KWsYHYqdN2dahMqQkFtD40L9ANlf8qhr6PyClCKlpRORumeJAcNmmVP2cjeMZ%2F0%2BKZpJRUVXrTQoap3MDZlSfn231gSjUQg%3D%3D","storageSource":{"bucket":"gcf-v2-uploads-22467747328.us-central1.cloudfunctions.appspot.com","object":"36b5959e-9602-4f24-9032-7c78f6cad7ab.zip"}}
[debug] [2025-02-02T21:27:52.789Z] >>> [apiv2][query] PUT https://storage.googleapis.com/gcf-v2-uploads-22467747328.us-central1.cloudfunctions.appspot.com/36b5959e-9602-4f24-9032-7c78f6cad7ab.zip GoogleAccessId=service-22467747328%40gcf-admin-robot.iam.gserviceaccount.com&Expires=1738533472&Signature=QXPv8SwrcWAa%2Fn3L16IQqKEUGYCO6LspBWirp%2B4A20Mt88xYEGf5p0mWK1M2hho3qxqODLDD9jWVbIyDxFhpgEubKA3u9%2BFR8dFppRuz4Cr6oabSaPXlN5VrB6FoyUSX%2FIOFi6CRbcU7nz5VlULyTG1CDN684JUcuqy6gxz08f5AwsoYP0fVUIn2CLth1MffI7YQ2UVmVJlH4xUjluN4Mecil%2FcJeFn5jIwF6zdInwtudt0gyHCg2M2KWsYHYqdN2dahMqQkFtD40L9ANlf8qhr6PyClCKlpRORumeJAcNmmVP2cjeMZ%2F0%2BKZpJRUVXrTQoap3MDZlSfn231gSjUQg%3D%3D
[debug] [2025-02-02T21:27:52.789Z] >>> [apiv2][body] PUT https://storage.googleapis.com/gcf-v2-uploads-22467747328.us-central1.cloudfunctions.appspot.com/36b5959e-9602-4f24-9032-7c78f6cad7ab.zip [stream]
[debug] [2025-02-02T21:27:55.073Z] <<< [apiv2][status] PUT https://storage.googleapis.com/gcf-v2-uploads-22467747328.us-central1.cloudfunctions.appspot.com/36b5959e-9602-4f24-9032-7c78f6cad7ab.zip 200
[debug] [2025-02-02T21:27:55.073Z] <<< [apiv2][body] PUT https://storage.googleapis.com/gcf-v2-uploads-22467747328.us-central1.cloudfunctions.appspot.com/36b5959e-9602-4f24-9032-7c78f6cad7ab.zip [omitted]
[info] +  functions: functions folder uploaded successfully 
[info] i  functions: updating Node.js 22 (2nd Gen) function createUserProfile(us-central1)... 
[debug] [2025-02-02T21:27:55.077Z] Checked if tokens are valid: true, expires at: 1738535003795
[debug] [2025-02-02T21:27:55.077Z] Checked if tokens are valid: true, expires at: 1738535003795
[debug] [2025-02-02T21:27:55.077Z] >>> [apiv2][query] PATCH https://cloudfunctions.googleapis.com/v2/projects/dnd-misc-tools/locations/us-central1/functions/createUserProfile updateMask=name%2CbuildConfig.runtime%2CbuildConfig.entryPoint%2CbuildConfig.source.storageSource.bucket%2CbuildConfig.source.storageSource.object%2CbuildConfig.environmentVariables%2CbuildConfig.sourceToken%2CserviceConfig.environmentVariables%2CserviceConfig.ingressSettings%2CserviceConfig.timeoutSeconds%2CserviceConfig.serviceAccountEmail%2CserviceConfig.availableMemory%2CserviceConfig.minInstanceCount%2CserviceConfig.maxInstanceCount%2CserviceConfig.maxInstanceRequestConcurrency%2CserviceConfig.availableCpu%2CserviceConfig.vpcConnector%2CserviceConfig.vpcConnectorEgressSettings%2Clabels%2CbuildConfig.buildEnvironmentVariables
[debug] [2025-02-02T21:27:55.077Z] >>> [apiv2][body] PATCH https://cloudfunctions.googleapis.com/v2/projects/dnd-misc-tools/locations/us-central1/functions/createUserProfile {"name":"projects/dnd-misc-tools/locations/us-central1/functions/createUserProfile","buildConfig":{"runtime":"nodejs22","entryPoint":"createUserProfile","source":{"storageSource":{"bucket":"gcf-v2-uploads-22467747328.us-central1.cloudfunctions.appspot.com","object":"36b5959e-9602-4f24-9032-7c78f6cad7ab.zip"}},"environmentVariables":{"GOOGLE_NODE_RUN_SCRIPTS":""}},"serviceConfig":{"environmentVariables":{"FIREBASE_CONFIG":"{\"projectId\":\"dnd-misc-tools\",\"storageBucket\":\"dnd-misc-tools.firebasestorage.app\"}","GCLOUD_PROJECT":"dnd-misc-tools","EVENTARC_CLOUD_EVENT_SOURCE":"projects/dnd-misc-tools/locations/us-central1/services/createUserProfile","FUNCTION_TARGET":"createUserProfile","LOG_EXECUTION_ID":"true"},"ingressSettings":null,"timeoutSeconds":null,"serviceAccountEmail":null,"availableMemory":"256Mi","minInstanceCount":null,"maxInstanceCount":null,"maxInstanceRequestConcurrency":80,"availableCpu":"1","vpcConnector":null,"vpcConnectorEgressSettings":null},"labels":{"deployment-tool":"cli-firebase","deployment-blocking":"before-create","firebase-functions-hash":"2bd4d208a41521f5460990b69a2728ade2ee9510"}}
[debug] [2025-02-02T21:27:56.685Z] <<< [apiv2][status] PATCH https://cloudfunctions.googleapis.com/v2/projects/dnd-misc-tools/locations/us-central1/functions/createUserProfile 200
[debug] [2025-02-02T21:27:56.686Z] <<< [apiv2][body] PATCH https://cloudfunctions.googleapis.com/v2/projects/dnd-misc-tools/locations/us-central1/functions/createUserProfile {"name":"projects/dnd-misc-tools/locations/us-central1/operations/operation-1738531676111-62d2f72fc4106-08ad9852-6b6c106a","metadata":{"@type":"type.googleapis.com/google.cloud.functions.v2.OperationMetadata","createTime":"2025-02-02T21:27:56.886918056Z","target":"projects/dnd-misc-tools/locations/us-central1/functions/createUserProfile","verb":"update","cancelRequested":false,"apiVersion":"v2"},"done":false}
[debug] [2025-02-02T21:27:56.686Z] Checked if tokens are valid: true, expires at: 1738535003795
[debug] [2025-02-02T21:27:56.686Z] Checked if tokens are valid: true, expires at: 1738535003795
[debug] [2025-02-02T21:27:56.686Z] >>> [apiv2][query] GET https://cloudfunctions.googleapis.com/v2/projects/dnd-misc-tools/locations/us-central1/operations/operation-1738531676111-62d2f72fc4106-08ad9852-6b6c106a [none]
[debug] [2025-02-02T21:27:57.502Z] <<< [apiv2][status] GET https://cloudfunctions.googleapis.com/v2/projects/dnd-misc-tools/locations/us-central1/operations/operation-1738531676111-62d2f72fc4106-08ad9852-6b6c106a 200
[debug] [2025-02-02T21:27:57.502Z] <<< [apiv2][body] GET https://cloudfunctions.googleapis.com/v2/projects/dnd-misc-tools/locations/us-central1/operations/operation-1738531676111-62d2f72fc4106-08ad9852-6b6c106a {"name":"projects/dnd-misc-tools/locations/us-central1/operations/operation-1738531676111-62d2f72fc4106-08ad9852-6b6c106a","metadata":{"@type":"type.googleapis.com/google.cloud.functions.v2.OperationMetadata","createTime":"2025-02-02T21:27:56.886918056Z","target":"projects/dnd-misc-tools/locations/us-central1/functions/createUserProfile","verb":"update","cancelRequested":false,"apiVersion":"v2","requestResource":{"@type":"type.googleapis.com/google.cloud.functions.v2.Function","name":"projects/dnd-misc-tools/locations/us-central1/functions/createUserProfile","buildConfig":{"runtime":"nodejs22","entryPoint":"createUserProfile","source":{"storageSource":{"bucket":"gcf-v2-sources-22467747328-us-central1","object":"createUserProfile/function-source.zip","generation":"1738531676833985"}},"environmentVariables":{"GOOGLE_NODE_RUN_SCRIPTS":""},"dockerRepository":"projects/dnd-misc-tools/locations/us-central1/repositories/gcf-artifacts","sourceProvenance":{"resolvedStorageSource":{"bucket":"gcf-v2-sources-22467747328-us-central1","object":"createUserProfile/function-source.zip","generation":"1738530975765466"}},"dockerRegistry":"ARTIFACT_REGISTRY","serviceAccount":"projects/dnd-misc-tools/serviceAccounts/22467747328-compute@developer.gserviceaccount.com","automaticUpdatePolicy":{}},"serviceConfig":{"service":"projects/dnd-misc-tools/locations/us-central1/services/createuserprofile","timeoutSeconds":60,"environmentVariables":{"FIREBASE_CONFIG":"{\"projectId\":\"dnd-misc-tools\",\"storageBucket\":\"dnd-misc-tools.firebasestorage.app\"}","GCLOUD_PROJECT":"dnd-misc-tools","EVENTARC_CLOUD_EVENT_SOURCE":"projects/dnd-misc-tools/locations/us-central1/services/createUserProfile","FUNCTION_TARGET":"createUserProfile","LOG_EXECUTION_ID":"true"},"ingressSettings":"ALLOW_ALL","uri":"https://createuserprofile-zmz42goduq-uc.a.run.app","serviceAccountEmail":"22467747328-compute@developer.gserviceaccount.com","availableMemory":"256Mi","allTrafficOnLatestRevision":true,"revision":"createuserprofile-00002-xer","maxInstanceRequestConcurrency":80,"availableCpu":"1"},"state":"ACTIVE","labels":{"deployment-tool":"cli-firebase","deployment-blocking":"before-create","firebase-functions-hash":"2bd4d208a41521f5460990b69a2728ade2ee9510"},"environment":"GEN_2","url":"https://us-central1-dnd-misc-tools.cloudfunctions.net/createUserProfile"},"stages":[{"name":"BUILD","state":"NOT_STARTED"},{"name":"SERVICE","state":"NOT_STARTED"}],"operationType":"UPDATE_FUNCTION"},"done":false}
[debug] [2025-02-02T21:27:58.003Z] [update-default-us-central1-createUserProfile] Retrying task index 0
[debug] [2025-02-02T21:27:58.003Z] Checked if tokens are valid: true, expires at: 1738535003795
[debug] [2025-02-02T21:27:58.003Z] Checked if tokens are valid: true, expires at: 1738535003795
[debug] [2025-02-02T21:27:58.003Z] >>> [apiv2][query] GET https://cloudfunctions.googleapis.com/v2/projects/dnd-misc-tools/locations/us-central1/operations/operation-1738531676111-62d2f72fc4106-08ad9852-6b6c106a [none]
[debug] [2025-02-02T21:27:58.801Z] <<< [apiv2][status] GET https://cloudfunctions.googleapis.com/v2/projects/dnd-misc-tools/locations/us-central1/operations/operation-1738531676111-62d2f72fc4106-08ad9852-6b6c106a 200
[debug] [2025-02-02T21:27:58.802Z] <<< [apiv2][body] GET https://cloudfunctions.googleapis.com/v2/projects/dnd-misc-tools/locations/us-central1/operations/operation-1738531676111-62d2f72fc4106-08ad9852-6b6c106a {"name":"projects/dnd-misc-tools/locations/us-central1/operations/operation-1738531676111-62d2f72fc4106-08ad9852-6b6c106a","metadata":{"@type":"type.googleapis.com/google.cloud.functions.v2.OperationMetadata","createTime":"2025-02-02T21:27:56.886918056Z","target":"projects/dnd-misc-tools/locations/us-central1/functions/createUserProfile","verb":"update","cancelRequested":false,"apiVersion":"v2","requestResource":{"@type":"type.googleapis.com/google.cloud.functions.v2.Function","name":"projects/dnd-misc-tools/locations/us-central1/functions/createUserProfile","buildConfig":{"runtime":"nodejs22","entryPoint":"createUserProfile","source":{"storageSource":{"bucket":"gcf-v2-sources-22467747328-us-central1","object":"createUserProfile/function-source.zip","generation":"1738531676833985"}},"environmentVariables":{"GOOGLE_NODE_RUN_SCRIPTS":""},"dockerRepository":"projects/dnd-misc-tools/locations/us-central1/repositories/gcf-artifacts","sourceProvenance":{"resolvedStorageSource":{"bucket":"gcf-v2-sources-22467747328-us-central1","object":"createUserProfile/function-source.zip","generation":"1738530975765466"}},"dockerRegistry":"ARTIFACT_REGISTRY","serviceAccount":"projects/dnd-misc-tools/serviceAccounts/22467747328-compute@developer.gserviceaccount.com","automaticUpdatePolicy":{}},"serviceConfig":{"service":"projects/dnd-misc-tools/locations/us-central1/services/createuserprofile","timeoutSeconds":60,"environmentVariables":{"FIREBASE_CONFIG":"{\"projectId\":\"dnd-misc-tools\",\"storageBucket\":\"dnd-misc-tools.firebasestorage.app\"}","GCLOUD_PROJECT":"dnd-misc-tools","EVENTARC_CLOUD_EVENT_SOURCE":"projects/dnd-misc-tools/locations/us-central1/services/createUserProfile","FUNCTION_TARGET":"createUserProfile","LOG_EXECUTION_ID":"true"},"ingressSettings":"ALLOW_ALL","uri":"https://createuserprofile-zmz42goduq-uc.a.run.app","serviceAccountEmail":"22467747328-compute@developer.gserviceaccount.com","availableMemory":"256Mi","allTrafficOnLatestRevision":true,"revision":"createuserprofile-00002-xer","maxInstanceRequestConcurrency":80,"availableCpu":"1"},"state":"ACTIVE","labels":{"deployment-tool":"cli-firebase","deployment-blocking":"before-create","firebase-functions-hash":"2bd4d208a41521f5460990b69a2728ade2ee9510"},"environment":"GEN_2","url":"https://us-central1-dnd-misc-tools.cloudfunctions.net/createUserProfile"},"stages":[{"name":"BUILD","message":"Build in progress","state":"IN_PROGRESS","resource":"projects/22467747328/locations/us-central1/builds/04da1f01-2860-4442-8dbc-3bd4446677cd","resourceUri":"https://console.cloud.google.com/cloud-build/builds;region=us-central1/04da1f01-2860-4442-8dbc-3bd4446677cd?project=22467747328"},{"name":"SERVICE","state":"NOT_STARTED"}],"operationType":"UPDATE_FUNCTION","buildName":"projects/22467747328/locations/us-central1/builds/04da1f01-2860-4442-8dbc-3bd4446677cd"},"done":false}
[debug] [2025-02-02T21:27:59.811Z] [update-default-us-central1-createUserProfile] Retrying task index 0
[debug] [2025-02-02T21:27:59.811Z] Checked if tokens are valid: true, expires at: 1738535003795
[debug] [2025-02-02T21:27:59.811Z] Checked if tokens are valid: true, expires at: 1738535003795
[debug] [2025-02-02T21:27:59.811Z] >>> [apiv2][query] GET https://cloudfunctions.googleapis.com/v2/projects/dnd-misc-tools/locations/us-central1/operations/operation-1738531676111-62d2f72fc4106-08ad9852-6b6c106a [none]
[debug] [2025-02-02T21:28:00.596Z] <<< [apiv2][status] GET https://cloudfunctions.googleapis.com/v2/projects/dnd-misc-tools/locations/us-central1/operations/operation-1738531676111-62d2f72fc4106-08ad9852-6b6c106a 200
[debug] [2025-02-02T21:28:00.596Z] <<< [apiv2][body] GET https://cloudfunctions.googleapis.com/v2/projects/dnd-misc-tools/locations/us-central1/operations/operation-1738531676111-62d2f72fc4106-08ad9852-6b6c106a {"name":"projects/dnd-misc-tools/locations/us-central1/operations/operation-1738531676111-62d2f72fc4106-08ad9852-6b6c106a","metadata":{"@type":"type.googleapis.com/google.cloud.functions.v2.OperationMetadata","createTime":"2025-02-02T21:27:56.886918056Z","target":"projects/dnd-misc-tools/locations/us-central1/functions/createUserProfile","verb":"update","cancelRequested":false,"apiVersion":"v2","requestResource":{"@type":"type.googleapis.com/google.cloud.functions.v2.Function","name":"projects/dnd-misc-tools/locations/us-central1/functions/createUserProfile","buildConfig":{"runtime":"nodejs22","entryPoint":"createUserProfile","source":{"storageSource":{"bucket":"gcf-v2-sources-22467747328-us-central1","object":"createUserProfile/function-source.zip","generation":"1738531676833985"}},"environmentVariables":{"GOOGLE_NODE_RUN_SCRIPTS":""},"dockerRepository":"projects/dnd-misc-tools/locations/us-central1/repositories/gcf-artifacts","sourceProvenance":{"resolvedStorageSource":{"bucket":"gcf-v2-sources-22467747328-us-central1","object":"createUserProfile/function-source.zip","generation":"1738530975765466"}},"dockerRegistry":"ARTIFACT_REGISTRY","serviceAccount":"projects/dnd-misc-tools/serviceAccounts/22467747328-compute@developer.gserviceaccount.com","automaticUpdatePolicy":{}},"serviceConfig":{"service":"projects/dnd-misc-tools/locations/us-central1/services/createuserprofile","timeoutSeconds":60,"environmentVariables":{"FIREBASE_CONFIG":"{\"projectId\":\"dnd-misc-tools\",\"storageBucket\":\"dnd-misc-tools.firebasestorage.app\"}","GCLOUD_PROJECT":"dnd-misc-tools","EVENTARC_CLOUD_EVENT_SOURCE":"projects/dnd-misc-tools/locations/us-central1/services/createUserProfile","FUNCTION_TARGET":"createUserProfile","LOG_EXECUTION_ID":"true"},"ingressSettings":"ALLOW_ALL","uri":"https://createuserprofile-zmz42goduq-uc.a.run.app","serviceAccountEmail":"22467747328-compute@developer.gserviceaccount.com","availableMemory":"256Mi","allTrafficOnLatestRevision":true,"revision":"createuserprofile-00002-xer","maxInstanceRequestConcurrency":80,"availableCpu":"1"},"state":"ACTIVE","labels":{"deployment-tool":"cli-firebase","deployment-blocking":"before-create","firebase-functions-hash":"2bd4d208a41521f5460990b69a2728ade2ee9510"},"environment":"GEN_2","url":"https://us-central1-dnd-misc-tools.cloudfunctions.net/createUserProfile"},"stages":[{"name":"BUILD","message":"Build in progress","state":"IN_PROGRESS","resource":"projects/22467747328/locations/us-central1/builds/04da1f01-2860-4442-8dbc-3bd4446677cd","resourceUri":"https://console.cloud.google.com/cloud-build/builds;region=us-central1/04da1f01-2860-4442-8dbc-3bd4446677cd?project=22467747328"},{"name":"SERVICE","state":"NOT_STARTED"}],"operationType":"UPDATE_FUNCTION","buildName":"projects/22467747328/locations/us-central1/builds/04da1f01-2860-4442-8dbc-3bd4446677cd"},"done":false}
[debug] [2025-02-02T21:28:02.609Z] [update-default-us-central1-createUserProfile] Retrying task index 0
[debug] [2025-02-02T21:28:02.609Z] Checked if tokens are valid: true, expires at: 1738535003795
[debug] [2025-02-02T21:28:02.609Z] Checked if tokens are valid: true, expires at: 1738535003795
[debug] [2025-02-02T21:28:02.609Z] >>> [apiv2][query] GET https://cloudfunctions.googleapis.com/v2/projects/dnd-misc-tools/locations/us-central1/operations/operation-1738531676111-62d2f72fc4106-08ad9852-6b6c106a [none]
[debug] [2025-02-02T21:28:03.447Z] <<< [apiv2][status] GET https://cloudfunctions.googleapis.com/v2/projects/dnd-misc-tools/locations/us-central1/operations/operation-1738531676111-62d2f72fc4106-08ad9852-6b6c106a 200
[debug] [2025-02-02T21:28:03.447Z] <<< [apiv2][body] GET https://cloudfunctions.googleapis.com/v2/projects/dnd-misc-tools/locations/us-central1/operations/operation-1738531676111-62d2f72fc4106-08ad9852-6b6c106a {"name":"projects/dnd-misc-tools/locations/us-central1/operations/operation-1738531676111-62d2f72fc4106-08ad9852-6b6c106a","metadata":{"@type":"type.googleapis.com/google.cloud.functions.v2.OperationMetadata","createTime":"2025-02-02T21:27:56.886918056Z","target":"projects/dnd-misc-tools/locations/us-central1/functions/createUserProfile","verb":"update","cancelRequested":false,"apiVersion":"v2","requestResource":{"@type":"type.googleapis.com/google.cloud.functions.v2.Function","name":"projects/dnd-misc-tools/locations/us-central1/functions/createUserProfile","buildConfig":{"runtime":"nodejs22","entryPoint":"createUserProfile","source":{"storageSource":{"bucket":"gcf-v2-sources-22467747328-us-central1","object":"createUserProfile/function-source.zip","generation":"1738531676833985"}},"environmentVariables":{"GOOGLE_NODE_RUN_SCRIPTS":""},"dockerRepository":"projects/dnd-misc-tools/locations/us-central1/repositories/gcf-artifacts","sourceProvenance":{"resolvedStorageSource":{"bucket":"gcf-v2-sources-22467747328-us-central1","object":"createUserProfile/function-source.zip","generation":"1738530975765466"}},"dockerRegistry":"ARTIFACT_REGISTRY","serviceAccount":"projects/dnd-misc-tools/serviceAccounts/22467747328-compute@developer.gserviceaccount.com","automaticUpdatePolicy":{}},"serviceConfig":{"service":"projects/dnd-misc-tools/locations/us-central1/services/createuserprofile","timeoutSeconds":60,"environmentVariables":{"FIREBASE_CONFIG":"{\"projectId\":\"dnd-misc-tools\",\"storageBucket\":\"dnd-misc-tools.firebasestorage.app\"}","GCLOUD_PROJECT":"dnd-misc-tools","EVENTARC_CLOUD_EVENT_SOURCE":"projects/dnd-misc-tools/locations/us-central1/services/createUserProfile","FUNCTION_TARGET":"createUserProfile","LOG_EXECUTION_ID":"true"},"ingressSettings":"ALLOW_ALL","uri":"https://createuserprofile-zmz42goduq-uc.a.run.app","serviceAccountEmail":"22467747328-compute@developer.gserviceaccount.com","availableMemory":"256Mi","allTrafficOnLatestRevision":true,"revision":"createuserprofile-00002-xer","maxInstanceRequestConcurrency":80,"availableCpu":"1"},"state":"ACTIVE","labels":{"deployment-tool":"cli-firebase","deployment-blocking":"before-create","firebase-functions-hash":"2bd4d208a41521f5460990b69a2728ade2ee9510"},"environment":"GEN_2","url":"https://us-central1-dnd-misc-tools.cloudfunctions.net/createUserProfile"},"stages":[{"name":"BUILD","message":"Build in progress","state":"IN_PROGRESS","resource":"projects/22467747328/locations/us-central1/builds/04da1f01-2860-4442-8dbc-3bd4446677cd","resourceUri":"https://console.cloud.google.com/cloud-build/builds;region=us-central1/04da1f01-2860-4442-8dbc-3bd4446677cd?project=22467747328"},{"name":"SERVICE","state":"NOT_STARTED"}],"operationType":"UPDATE_FUNCTION","buildName":"projects/22467747328/locations/us-central1/builds/04da1f01-2860-4442-8dbc-3bd4446677cd"},"done":false}
[debug] [2025-02-02T21:28:07.462Z] [update-default-us-central1-createUserProfile] Retrying task index 0
[debug] [2025-02-02T21:28:07.462Z] Checked if tokens are valid: true, expires at: 1738535003795
[debug] [2025-02-02T21:28:07.462Z] Checked if tokens are valid: true, expires at: 1738535003795
[debug] [2025-02-02T21:28:07.462Z] >>> [apiv2][query] GET https://cloudfunctions.googleapis.com/v2/projects/dnd-misc-tools/locations/us-central1/operations/operation-1738531676111-62d2f72fc4106-08ad9852-6b6c106a [none]
[debug] [2025-02-02T21:28:08.261Z] <<< [apiv2][status] GET https://cloudfunctions.googleapis.com/v2/projects/dnd-misc-tools/locations/us-central1/operations/operation-1738531676111-62d2f72fc4106-08ad9852-6b6c106a 200
[debug] [2025-02-02T21:28:08.261Z] <<< [apiv2][body] GET https://cloudfunctions.googleapis.com/v2/projects/dnd-misc-tools/locations/us-central1/operations/operation-1738531676111-62d2f72fc4106-08ad9852-6b6c106a {"name":"projects/dnd-misc-tools/locations/us-central1/operations/operation-1738531676111-62d2f72fc4106-08ad9852-6b6c106a","metadata":{"@type":"type.googleapis.com/google.cloud.functions.v2.OperationMetadata","createTime":"2025-02-02T21:27:56.886918056Z","target":"projects/dnd-misc-tools/locations/us-central1/functions/createUserProfile","verb":"update","cancelRequested":false,"apiVersion":"v2","requestResource":{"@type":"type.googleapis.com/google.cloud.functions.v2.Function","name":"projects/dnd-misc-tools/locations/us-central1/functions/createUserProfile","buildConfig":{"runtime":"nodejs22","entryPoint":"createUserProfile","source":{"storageSource":{"bucket":"gcf-v2-sources-22467747328-us-central1","object":"createUserProfile/function-source.zip","generation":"1738531676833985"}},"environmentVariables":{"GOOGLE_NODE_RUN_SCRIPTS":""},"dockerRepository":"projects/dnd-misc-tools/locations/us-central1/repositories/gcf-artifacts","sourceProvenance":{"resolvedStorageSource":{"bucket":"gcf-v2-sources-22467747328-us-central1","object":"createUserProfile/function-source.zip","generation":"1738530975765466"}},"dockerRegistry":"ARTIFACT_REGISTRY","serviceAccount":"projects/dnd-misc-tools/serviceAccounts/22467747328-compute@developer.gserviceaccount.com","automaticUpdatePolicy":{}},"serviceConfig":{"service":"projects/dnd-misc-tools/locations/us-central1/services/createuserprofile","timeoutSeconds":60,"environmentVariables":{"FIREBASE_CONFIG":"{\"projectId\":\"dnd-misc-tools\",\"storageBucket\":\"dnd-misc-tools.firebasestorage.app\"}","GCLOUD_PROJECT":"dnd-misc-tools","EVENTARC_CLOUD_EVENT_SOURCE":"projects/dnd-misc-tools/locations/us-central1/services/createUserProfile","FUNCTION_TARGET":"createUserProfile","LOG_EXECUTION_ID":"true"},"ingressSettings":"ALLOW_ALL","uri":"https://createuserprofile-zmz42goduq-uc.a.run.app","serviceAccountEmail":"22467747328-compute@developer.gserviceaccount.com","availableMemory":"256Mi","allTrafficOnLatestRevision":true,"revision":"createuserprofile-00002-xer","maxInstanceRequestConcurrency":80,"availableCpu":"1"},"state":"ACTIVE","labels":{"deployment-tool":"cli-firebase","deployment-blocking":"before-create","firebase-functions-hash":"2bd4d208a41521f5460990b69a2728ade2ee9510"},"environment":"GEN_2","url":"https://us-central1-dnd-misc-tools.cloudfunctions.net/createUserProfile"},"stages":[{"name":"BUILD","message":"Build in progress","state":"IN_PROGRESS","resource":"projects/22467747328/locations/us-central1/builds/04da1f01-2860-4442-8dbc-3bd4446677cd","resourceUri":"https://console.cloud.google.com/cloud-build/builds;region=us-central1/04da1f01-2860-4442-8dbc-3bd4446677cd?project=22467747328"},{"name":"SERVICE","state":"NOT_STARTED"}],"operationType":"UPDATE_FUNCTION","buildName":"projects/22467747328/locations/us-central1/builds/04da1f01-2860-4442-8dbc-3bd4446677cd"},"done":false}
[debug] [2025-02-02T21:28:16.261Z] [update-default-us-central1-createUserProfile] Retrying task index 0
[debug] [2025-02-02T21:28:16.261Z] Checked if tokens are valid: true, expires at: 1738535003795
[debug] [2025-02-02T21:28:16.261Z] Checked if tokens are valid: true, expires at: 1738535003795
[debug] [2025-02-02T21:28:16.261Z] >>> [apiv2][query] GET https://cloudfunctions.googleapis.com/v2/projects/dnd-misc-tools/locations/us-central1/operations/operation-1738531676111-62d2f72fc4106-08ad9852-6b6c106a [none]
[debug] [2025-02-02T21:28:17.124Z] <<< [apiv2][status] GET https://cloudfunctions.googleapis.com/v2/projects/dnd-misc-tools/locations/us-central1/operations/operation-1738531676111-62d2f72fc4106-08ad9852-6b6c106a 200
[debug] [2025-02-02T21:28:17.124Z] <<< [apiv2][body] GET https://cloudfunctions.googleapis.com/v2/projects/dnd-misc-tools/locations/us-central1/operations/operation-1738531676111-62d2f72fc4106-08ad9852-6b6c106a {"name":"projects/dnd-misc-tools/locations/us-central1/operations/operation-1738531676111-62d2f72fc4106-08ad9852-6b6c106a","metadata":{"@type":"type.googleapis.com/google.cloud.functions.v2.OperationMetadata","createTime":"2025-02-02T21:27:56.886918056Z","target":"projects/dnd-misc-tools/locations/us-central1/functions/createUserProfile","verb":"update","cancelRequested":false,"apiVersion":"v2","requestResource":{"@type":"type.googleapis.com/google.cloud.functions.v2.Function","name":"projects/dnd-misc-tools/locations/us-central1/functions/createUserProfile","buildConfig":{"runtime":"nodejs22","entryPoint":"createUserProfile","source":{"storageSource":{"bucket":"gcf-v2-sources-22467747328-us-central1","object":"createUserProfile/function-source.zip","generation":"1738531676833985"}},"environmentVariables":{"GOOGLE_NODE_RUN_SCRIPTS":""},"dockerRepository":"projects/dnd-misc-tools/locations/us-central1/repositories/gcf-artifacts","sourceProvenance":{"resolvedStorageSource":{"bucket":"gcf-v2-sources-22467747328-us-central1","object":"createUserProfile/function-source.zip","generation":"1738530975765466"}},"dockerRegistry":"ARTIFACT_REGISTRY","serviceAccount":"projects/dnd-misc-tools/serviceAccounts/22467747328-compute@developer.gserviceaccount.com","automaticUpdatePolicy":{}},"serviceConfig":{"service":"projects/dnd-misc-tools/locations/us-central1/services/createuserprofile","timeoutSeconds":60,"environmentVariables":{"FIREBASE_CONFIG":"{\"projectId\":\"dnd-misc-tools\",\"storageBucket\":\"dnd-misc-tools.firebasestorage.app\"}","GCLOUD_PROJECT":"dnd-misc-tools","EVENTARC_CLOUD_EVENT_SOURCE":"projects/dnd-misc-tools/locations/us-central1/services/createUserProfile","FUNCTION_TARGET":"createUserProfile","LOG_EXECUTION_ID":"true"},"ingressSettings":"ALLOW_ALL","uri":"https://createuserprofile-zmz42goduq-uc.a.run.app","serviceAccountEmail":"22467747328-compute@developer.gserviceaccount.com","availableMemory":"256Mi","allTrafficOnLatestRevision":true,"revision":"createuserprofile-00002-xer","maxInstanceRequestConcurrency":80,"availableCpu":"1"},"state":"ACTIVE","labels":{"deployment-tool":"cli-firebase","deployment-blocking":"before-create","firebase-functions-hash":"2bd4d208a41521f5460990b69a2728ade2ee9510"},"environment":"GEN_2","url":"https://us-central1-dnd-misc-tools.cloudfunctions.net/createUserProfile"},"stages":[{"name":"BUILD","message":"Build in progress","state":"IN_PROGRESS","resource":"projects/22467747328/locations/us-central1/builds/04da1f01-2860-4442-8dbc-3bd4446677cd","resourceUri":"https://console.cloud.google.com/cloud-build/builds;region=us-central1/04da1f01-2860-4442-8dbc-3bd4446677cd?project=22467747328"},{"name":"SERVICE","state":"NOT_STARTED"}],"operationType":"UPDATE_FUNCTION","buildName":"projects/22467747328/locations/us-central1/builds/04da1f01-2860-4442-8dbc-3bd4446677cd"},"done":false}
[debug] [2025-02-02T21:28:27.134Z] [update-default-us-central1-createUserProfile] Retrying task index 0
[debug] [2025-02-02T21:28:27.134Z] Checked if tokens are valid: true, expires at: 1738535003795
[debug] [2025-02-02T21:28:27.134Z] Checked if tokens are valid: true, expires at: 1738535003795
[debug] [2025-02-02T21:28:27.134Z] >>> [apiv2][query] GET https://cloudfunctions.googleapis.com/v2/projects/dnd-misc-tools/locations/us-central1/operations/operation-1738531676111-62d2f72fc4106-08ad9852-6b6c106a [none]
[debug] [2025-02-02T21:28:28.012Z] <<< [apiv2][status] GET https://cloudfunctions.googleapis.com/v2/projects/dnd-misc-tools/locations/us-central1/operations/operation-1738531676111-62d2f72fc4106-08ad9852-6b6c106a 200
[debug] [2025-02-02T21:28:28.012Z] <<< [apiv2][body] GET https://cloudfunctions.googleapis.com/v2/projects/dnd-misc-tools/locations/us-central1/operations/operation-1738531676111-62d2f72fc4106-08ad9852-6b6c106a {"name":"projects/dnd-misc-tools/locations/us-central1/operations/operation-1738531676111-62d2f72fc4106-08ad9852-6b6c106a","metadata":{"@type":"type.googleapis.com/google.cloud.functions.v2.OperationMetadata","createTime":"2025-02-02T21:27:56.886918056Z","target":"projects/dnd-misc-tools/locations/us-central1/functions/createUserProfile","verb":"update","cancelRequested":false,"apiVersion":"v2","requestResource":{"@type":"type.googleapis.com/google.cloud.functions.v2.Function","name":"projects/dnd-misc-tools/locations/us-central1/functions/createUserProfile","buildConfig":{"runtime":"nodejs22","entryPoint":"createUserProfile","source":{"storageSource":{"bucket":"gcf-v2-sources-22467747328-us-central1","object":"createUserProfile/function-source.zip","generation":"1738531676833985"}},"environmentVariables":{"GOOGLE_NODE_RUN_SCRIPTS":""},"dockerRepository":"projects/dnd-misc-tools/locations/us-central1/repositories/gcf-artifacts","sourceProvenance":{"resolvedStorageSource":{"bucket":"gcf-v2-sources-22467747328-us-central1","object":"createUserProfile/function-source.zip","generation":"1738530975765466"}},"dockerRegistry":"ARTIFACT_REGISTRY","serviceAccount":"projects/dnd-misc-tools/serviceAccounts/22467747328-compute@developer.gserviceaccount.com","automaticUpdatePolicy":{}},"serviceConfig":{"service":"projects/dnd-misc-tools/locations/us-central1/services/createuserprofile","timeoutSeconds":60,"environmentVariables":{"FIREBASE_CONFIG":"{\"projectId\":\"dnd-misc-tools\",\"storageBucket\":\"dnd-misc-tools.firebasestorage.app\"}","GCLOUD_PROJECT":"dnd-misc-tools","EVENTARC_CLOUD_EVENT_SOURCE":"projects/dnd-misc-tools/locations/us-central1/services/createUserProfile","FUNCTION_TARGET":"createUserProfile","LOG_EXECUTION_ID":"true"},"ingressSettings":"ALLOW_ALL","uri":"https://createuserprofile-zmz42goduq-uc.a.run.app","serviceAccountEmail":"22467747328-compute@developer.gserviceaccount.com","availableMemory":"256Mi","allTrafficOnLatestRevision":true,"revision":"createuserprofile-00002-xer","maxInstanceRequestConcurrency":80,"availableCpu":"1"},"state":"ACTIVE","labels":{"deployment-tool":"cli-firebase","deployment-blocking":"before-create","firebase-functions-hash":"2bd4d208a41521f5460990b69a2728ade2ee9510"},"environment":"GEN_2","url":"https://us-central1-dnd-misc-tools.cloudfunctions.net/createUserProfile"},"stages":[{"name":"BUILD","message":"Build in progress","state":"IN_PROGRESS","resource":"projects/22467747328/locations/us-central1/builds/04da1f01-2860-4442-8dbc-3bd4446677cd","resourceUri":"https://console.cloud.google.com/cloud-build/builds;region=us-central1/04da1f01-2860-4442-8dbc-3bd4446677cd?project=22467747328"},{"name":"SERVICE","state":"NOT_STARTED"}],"operationType":"UPDATE_FUNCTION","buildName":"projects/22467747328/locations/us-central1/builds/04da1f01-2860-4442-8dbc-3bd4446677cd"},"done":false}
[debug] [2025-02-02T21:28:38.023Z] [update-default-us-central1-createUserProfile] Retrying task index 0
[debug] [2025-02-02T21:28:38.023Z] Checked if tokens are valid: true, expires at: 1738535003795
[debug] [2025-02-02T21:28:38.024Z] Checked if tokens are valid: true, expires at: 1738535003795
[debug] [2025-02-02T21:28:38.024Z] >>> [apiv2][query] GET https://cloudfunctions.googleapis.com/v2/projects/dnd-misc-tools/locations/us-central1/operations/operation-1738531676111-62d2f72fc4106-08ad9852-6b6c106a [none]
[debug] [2025-02-02T21:28:38.904Z] <<< [apiv2][status] GET https://cloudfunctions.googleapis.com/v2/projects/dnd-misc-tools/locations/us-central1/operations/operation-1738531676111-62d2f72fc4106-08ad9852-6b6c106a 200
[debug] [2025-02-02T21:28:38.905Z] <<< [apiv2][body] GET https://cloudfunctions.googleapis.com/v2/projects/dnd-misc-tools/locations/us-central1/operations/operation-1738531676111-62d2f72fc4106-08ad9852-6b6c106a {"name":"projects/dnd-misc-tools/locations/us-central1/operations/operation-1738531676111-62d2f72fc4106-08ad9852-6b6c106a","metadata":{"@type":"type.googleapis.com/google.cloud.functions.v2.OperationMetadata","createTime":"2025-02-02T21:27:56.886918056Z","target":"projects/dnd-misc-tools/locations/us-central1/functions/createUserProfile","verb":"update","cancelRequested":false,"apiVersion":"v2","requestResource":{"@type":"type.googleapis.com/google.cloud.functions.v2.Function","name":"projects/dnd-misc-tools/locations/us-central1/functions/createUserProfile","buildConfig":{"runtime":"nodejs22","entryPoint":"createUserProfile","source":{"storageSource":{"bucket":"gcf-v2-sources-22467747328-us-central1","object":"createUserProfile/function-source.zip","generation":"1738531676833985"}},"environmentVariables":{"GOOGLE_NODE_RUN_SCRIPTS":""},"dockerRepository":"projects/dnd-misc-tools/locations/us-central1/repositories/gcf-artifacts","sourceProvenance":{"resolvedStorageSource":{"bucket":"gcf-v2-sources-22467747328-us-central1","object":"createUserProfile/function-source.zip","generation":"1738530975765466"}},"dockerRegistry":"ARTIFACT_REGISTRY","serviceAccount":"projects/dnd-misc-tools/serviceAccounts/22467747328-compute@developer.gserviceaccount.com","automaticUpdatePolicy":{}},"serviceConfig":{"service":"projects/dnd-misc-tools/locations/us-central1/services/createuserprofile","timeoutSeconds":60,"environmentVariables":{"FIREBASE_CONFIG":"{\"projectId\":\"dnd-misc-tools\",\"storageBucket\":\"dnd-misc-tools.firebasestorage.app\"}","GCLOUD_PROJECT":"dnd-misc-tools","EVENTARC_CLOUD_EVENT_SOURCE":"projects/dnd-misc-tools/locations/us-central1/services/createUserProfile","FUNCTION_TARGET":"createUserProfile","LOG_EXECUTION_ID":"true"},"ingressSettings":"ALLOW_ALL","uri":"https://createuserprofile-zmz42goduq-uc.a.run.app","serviceAccountEmail":"22467747328-compute@developer.gserviceaccount.com","availableMemory":"256Mi","allTrafficOnLatestRevision":true,"revision":"createuserprofile-00002-xer","maxInstanceRequestConcurrency":80,"availableCpu":"1"},"state":"ACTIVE","labels":{"deployment-tool":"cli-firebase","deployment-blocking":"before-create","firebase-functions-hash":"2bd4d208a41521f5460990b69a2728ade2ee9510"},"environment":"GEN_2","url":"https://us-central1-dnd-misc-tools.cloudfunctions.net/createUserProfile"},"stages":[{"name":"BUILD","message":"Build in progress","state":"IN_PROGRESS","resource":"projects/22467747328/locations/us-central1/builds/04da1f01-2860-4442-8dbc-3bd4446677cd","resourceUri":"https://console.cloud.google.com/cloud-build/builds;region=us-central1/04da1f01-2860-4442-8dbc-3bd4446677cd?project=22467747328"},{"name":"SERVICE","state":"NOT_STARTED"}],"operationType":"UPDATE_FUNCTION","buildName":"projects/22467747328/locations/us-central1/builds/04da1f01-2860-4442-8dbc-3bd4446677cd"},"done":false}
[debug] [2025-02-02T21:28:48.910Z] [update-default-us-central1-createUserProfile] Retrying task index 0
[debug] [2025-02-02T21:28:48.911Z] Checked if tokens are valid: true, expires at: 1738535003795
[debug] [2025-02-02T21:28:48.911Z] Checked if tokens are valid: true, expires at: 1738535003795
[debug] [2025-02-02T21:28:48.911Z] >>> [apiv2][query] GET https://cloudfunctions.googleapis.com/v2/projects/dnd-misc-tools/locations/us-central1/operations/operation-1738531676111-62d2f72fc4106-08ad9852-6b6c106a [none]
[debug] [2025-02-02T21:28:49.914Z] <<< [apiv2][status] GET https://cloudfunctions.googleapis.com/v2/projects/dnd-misc-tools/locations/us-central1/operations/operation-1738531676111-62d2f72fc4106-08ad9852-6b6c106a 200
[debug] [2025-02-02T21:28:49.915Z] <<< [apiv2][body] GET https://cloudfunctions.googleapis.com/v2/projects/dnd-misc-tools/locations/us-central1/operations/operation-1738531676111-62d2f72fc4106-08ad9852-6b6c106a {"name":"projects/dnd-misc-tools/locations/us-central1/operations/operation-1738531676111-62d2f72fc4106-08ad9852-6b6c106a","metadata":{"@type":"type.googleapis.com/google.cloud.functions.v2.OperationMetadata","createTime":"2025-02-02T21:27:56.886918056Z","target":"projects/dnd-misc-tools/locations/us-central1/functions/createUserProfile","verb":"update","cancelRequested":false,"apiVersion":"v2","requestResource":{"@type":"type.googleapis.com/google.cloud.functions.v2.Function","name":"projects/dnd-misc-tools/locations/us-central1/functions/createUserProfile","buildConfig":{"runtime":"nodejs22","entryPoint":"createUserProfile","source":{"storageSource":{"bucket":"gcf-v2-sources-22467747328-us-central1","object":"createUserProfile/function-source.zip","generation":"1738531676833985"}},"environmentVariables":{"GOOGLE_NODE_RUN_SCRIPTS":""},"dockerRepository":"projects/dnd-misc-tools/locations/us-central1/repositories/gcf-artifacts","sourceProvenance":{"resolvedStorageSource":{"bucket":"gcf-v2-sources-22467747328-us-central1","object":"createUserProfile/function-source.zip","generation":"1738530975765466"}},"dockerRegistry":"ARTIFACT_REGISTRY","serviceAccount":"projects/dnd-misc-tools/serviceAccounts/22467747328-compute@developer.gserviceaccount.com","automaticUpdatePolicy":{}},"serviceConfig":{"service":"projects/dnd-misc-tools/locations/us-central1/services/createuserprofile","timeoutSeconds":60,"environmentVariables":{"FIREBASE_CONFIG":"{\"projectId\":\"dnd-misc-tools\",\"storageBucket\":\"dnd-misc-tools.firebasestorage.app\"}","GCLOUD_PROJECT":"dnd-misc-tools","EVENTARC_CLOUD_EVENT_SOURCE":"projects/dnd-misc-tools/locations/us-central1/services/createUserProfile","FUNCTION_TARGET":"createUserProfile","LOG_EXECUTION_ID":"true"},"ingressSettings":"ALLOW_ALL","uri":"https://createuserprofile-zmz42goduq-uc.a.run.app","serviceAccountEmail":"22467747328-compute@developer.gserviceaccount.com","availableMemory":"256Mi","allTrafficOnLatestRevision":true,"revision":"createuserprofile-00002-xer","maxInstanceRequestConcurrency":80,"availableCpu":"1"},"state":"ACTIVE","labels":{"deployment-tool":"cli-firebase","deployment-blocking":"before-create","firebase-functions-hash":"2bd4d208a41521f5460990b69a2728ade2ee9510"},"environment":"GEN_2","url":"https://us-central1-dnd-misc-tools.cloudfunctions.net/createUserProfile"},"stages":[{"name":"BUILD","message":"Build finished","state":"COMPLETE","resource":"projects/22467747328/locations/us-central1/builds/04da1f01-2860-4442-8dbc-3bd4446677cd","resourceUri":"https://console.cloud.google.com/cloud-build/builds;region=us-central1/04da1f01-2860-4442-8dbc-3bd4446677cd?project=22467747328"},{"name":"SERVICE","message":"Updating Cloud Run service","state":"IN_PROGRESS","resource":"projects/dnd-misc-tools/locations/us-central1/services/createuserprofile","resourceUri":"https://console.cloud.google.com/run/detail/us-central1/createuserprofile?project=dnd-misc-tools","stateMessages":[{"severity":"INFO","type":"CloudRunServiceNewRevisionTrafficInfo","message":"A new revision will be deployed serving with 100% traffic."}]}],"sourceToken":"ClZwcm9qZWN0cy8yMjQ2Nzc0NzMyOC9sb2NhdGlvbnMvdXMtY2VudHJhbDEvYnVpbGRzLzA0ZGExZjAxLTI4NjAtNDQ0Mi04ZGJjLTNiZDQ0NDY2NzdjZBJ1dXMtY2VudHJhbDEtZG9ja2VyLnBrZy5kZXYvZG5kLW1pc2MtdG9vbHMvZ2NmLWFydGlmYWN0cy9kbmQtLW1pc2MtLXRvb2xzX191cy0tY2VudHJhbDFfX2NyZWF0ZV91c2VyX3Byb2ZpbGU6dmVyc2lvbl8xGIC8utlTIklwcm9qZWN0cy9kbmQtbWlzYy10b29scy9sb2NhdGlvbnMvdXMtY2VudHJhbDEvZnVuY3Rpb25zL2NyZWF0ZVVzZXJQcm9maWxlKgwIkcf/vAYQmNG1lgIyCG5vZGVqczIyOnYKI2djci5pby9nYWUtcnVudGltZXMvbm9kZWpzMjI6c3RhYmxlEk91cy1jZW50cmFsMS1kb2NrZXIucGtnLmRldi9zZXJ2ZXJsZXNzLXJ1bnRpbWVzL2dvb2dsZS0yMi1mdWxsL3J1bnRpbWVzL25vZGVqczIyQAE=","operationType":"UPDATE_FUNCTION","buildName":"projects/22467747328/locations/us-central1/builds/04da1f01-2860-4442-8dbc-3bd4446677cd"},"done":false}
[debug] [2025-02-02T21:28:49.915Z] Got source token ClZwcm9qZWN0cy8yMjQ2Nzc0NzMyOC9sb2NhdGlvbnMvdXMtY2VudHJhbDEvYnVpbGRzLzA0ZGExZjAxLTI4NjAtNDQ0Mi04ZGJjLTNiZDQ0NDY2NzdjZBJ1dXMtY2VudHJhbDEtZG9ja2VyLnBrZy5kZXYvZG5kLW1pc2MtdG9vbHMvZ2NmLWFydGlmYWN0cy9kbmQtLW1pc2MtLXRvb2xzX191cy0tY2VudHJhbDFfX2NyZWF0ZV91c2VyX3Byb2ZpbGU6dmVyc2lvbl8xGIC8utlTIklwcm9qZWN0cy9kbmQtbWlzYy10b29scy9sb2NhdGlvbnMvdXMtY2VudHJhbDEvZnVuY3Rpb25zL2NyZWF0ZVVzZXJQcm9maWxlKgwIkcf/vAYQmNG1lgIyCG5vZGVqczIyOnYKI2djci5pby9nYWUtcnVudGltZXMvbm9kZWpzMjI6c3RhYmxlEk91cy1jZW50cmFsMS1kb2NrZXIucGtnLmRldi9zZXJ2ZXJsZXNzLXJ1bnRpbWVzL2dvb2dsZS0yMi1mdWxsL3J1bnRpbWVzL25vZGVqczIyQAE= for region us-central1
[debug] [2025-02-02T21:28:59.929Z] [update-default-us-central1-createUserProfile] Retrying task index 0
[debug] [2025-02-02T21:28:59.929Z] Checked if tokens are valid: true, expires at: 1738535003795
[debug] [2025-02-02T21:28:59.929Z] Checked if tokens are valid: true, expires at: 1738535003795
[debug] [2025-02-02T21:28:59.929Z] >>> [apiv2][query] GET https://cloudfunctions.googleapis.com/v2/projects/dnd-misc-tools/locations/us-central1/operations/operation-1738531676111-62d2f72fc4106-08ad9852-6b6c106a [none]
[debug] [2025-02-02T21:29:00.850Z] <<< [apiv2][status] GET https://cloudfunctions.googleapis.com/v2/projects/dnd-misc-tools/locations/us-central1/operations/operation-1738531676111-62d2f72fc4106-08ad9852-6b6c106a 200
[debug] [2025-02-02T21:29:00.851Z] <<< [apiv2][body] GET https://cloudfunctions.googleapis.com/v2/projects/dnd-misc-tools/locations/us-central1/operations/operation-1738531676111-62d2f72fc4106-08ad9852-6b6c106a {"name":"projects/dnd-misc-tools/locations/us-central1/operations/operation-1738531676111-62d2f72fc4106-08ad9852-6b6c106a","metadata":{"@type":"type.googleapis.com/google.cloud.functions.v2.OperationMetadata","createTime":"2025-02-02T21:27:56.886918056Z","endTime":"2025-02-02T21:28:58.529445515Z","target":"projects/dnd-misc-tools/locations/us-central1/functions/createUserProfile","verb":"update","cancelRequested":false,"apiVersion":"v2","requestResource":{"@type":"type.googleapis.com/google.cloud.functions.v2.Function","name":"projects/dnd-misc-tools/locations/us-central1/functions/createUserProfile","buildConfig":{"runtime":"nodejs22","entryPoint":"createUserProfile","source":{"storageSource":{"bucket":"gcf-v2-sources-22467747328-us-central1","object":"createUserProfile/function-source.zip","generation":"1738531676833985"}},"environmentVariables":{"GOOGLE_NODE_RUN_SCRIPTS":""},"dockerRepository":"projects/dnd-misc-tools/locations/us-central1/repositories/gcf-artifacts","sourceProvenance":{"resolvedStorageSource":{"bucket":"gcf-v2-sources-22467747328-us-central1","object":"createUserProfile/function-source.zip","generation":"1738530975765466"}},"dockerRegistry":"ARTIFACT_REGISTRY","serviceAccount":"projects/dnd-misc-tools/serviceAccounts/22467747328-compute@developer.gserviceaccount.com","automaticUpdatePolicy":{}},"serviceConfig":{"service":"projects/dnd-misc-tools/locations/us-central1/services/createuserprofile","timeoutSeconds":60,"environmentVariables":{"FIREBASE_CONFIG":"{\"projectId\":\"dnd-misc-tools\",\"storageBucket\":\"dnd-misc-tools.firebasestorage.app\"}","GCLOUD_PROJECT":"dnd-misc-tools","EVENTARC_CLOUD_EVENT_SOURCE":"projects/dnd-misc-tools/locations/us-central1/services/createUserProfile","FUNCTION_TARGET":"createUserProfile","LOG_EXECUTION_ID":"true"},"ingressSettings":"ALLOW_ALL","uri":"https://createuserprofile-zmz42goduq-uc.a.run.app","serviceAccountEmail":"22467747328-compute@developer.gserviceaccount.com","availableMemory":"256Mi","allTrafficOnLatestRevision":true,"revision":"createuserprofile-00002-xer","maxInstanceRequestConcurrency":80,"availableCpu":"1"},"state":"ACTIVE","labels":{"deployment-tool":"cli-firebase","deployment-blocking":"before-create","firebase-functions-hash":"2bd4d208a41521f5460990b69a2728ade2ee9510"},"environment":"GEN_2","url":"https://us-central1-dnd-misc-tools.cloudfunctions.net/createUserProfile"},"stages":[{"name":"BUILD","message":"Build finished","state":"COMPLETE","resource":"projects/22467747328/locations/us-central1/builds/04da1f01-2860-4442-8dbc-3bd4446677cd","resourceUri":"https://console.cloud.google.com/cloud-build/builds;region=us-central1/04da1f01-2860-4442-8dbc-3bd4446677cd?project=22467747328"},{"name":"SERVICE","message":"Updating Cloud Run service","state":"COMPLETE","resource":"projects/dnd-misc-tools/locations/us-central1/services/createuserprofile","resourceUri":"https://console.cloud.google.com/run/detail/us-central1/createuserprofile?project=dnd-misc-tools","stateMessages":[{"severity":"INFO","type":"CloudRunServiceNewRevisionTrafficInfo","message":"A new revision will be deployed serving with 100% traffic."}]}],"sourceToken":"ClZwcm9qZWN0cy8yMjQ2Nzc0NzMyOC9sb2NhdGlvbnMvdXMtY2VudHJhbDEvYnVpbGRzLzA0ZGExZjAxLTI4NjAtNDQ0Mi04ZGJjLTNiZDQ0NDY2NzdjZBJ1dXMtY2VudHJhbDEtZG9ja2VyLnBrZy5kZXYvZG5kLW1pc2MtdG9vbHMvZ2NmLWFydGlmYWN0cy9kbmQtLW1pc2MtLXRvb2xzX191cy0tY2VudHJhbDFfX2NyZWF0ZV91c2VyX3Byb2ZpbGU6dmVyc2lvbl8xGIC8utlTIklwcm9qZWN0cy9kbmQtbWlzYy10b29scy9sb2NhdGlvbnMvdXMtY2VudHJhbDEvZnVuY3Rpb25zL2NyZWF0ZVVzZXJQcm9maWxlKgwIkcf/vAYQmNG1lgIyCG5vZGVqczIyOnYKI2djci5pby9nYWUtcnVudGltZXMvbm9kZWpzMjI6c3RhYmxlEk91cy1jZW50cmFsMS1kb2NrZXIucGtnLmRldi9zZXJ2ZXJsZXNzLXJ1bnRpbWVzL2dvb2dsZS0yMi1mdWxsL3J1bnRpbWVzL25vZGVqczIyQAE=","operationType":"UPDATE_FUNCTION","buildName":"projects/22467747328/locations/us-central1/builds/04da1f01-2860-4442-8dbc-3bd4446677cd"},"done":true,"response":{"@type":"type.googleapis.com/google.cloud.functions.v2.Function","name":"projects/dnd-misc-tools/locations/us-central1/functions/createUserProfile","buildConfig":{"build":"projects/22467747328/locations/us-central1/builds/04da1f01-2860-4442-8dbc-3bd4446677cd","runtime":"nodejs22","entryPoint":"createUserProfile","source":{"storageSource":{"bucket":"gcf-v2-sources-22467747328-us-central1","object":"createUserProfile/function-source.zip","generation":"1738531676833985"}},"environmentVariables":{"GOOGLE_NODE_RUN_SCRIPTS":""},"dockerRepository":"projects/dnd-misc-tools/locations/us-central1/repositories/gcf-artifacts","sourceProvenance":{"resolvedStorageSource":{"bucket":"gcf-v2-sources-22467747328-us-central1","object":"createUserProfile/function-source.zip","generation":"1738531676833985"}},"dockerRegistry":"ARTIFACT_REGISTRY","serviceAccount":"projects/dnd-misc-tools/serviceAccounts/22467747328-compute@developer.gserviceaccount.com","automaticUpdatePolicy":{}},"serviceConfig":{"service":"projects/dnd-misc-tools/locations/us-central1/services/createuserprofile","timeoutSeconds":60,"environmentVariables":{"FIREBASE_CONFIG":"{\"projectId\":\"dnd-misc-tools\",\"storageBucket\":\"dnd-misc-tools.firebasestorage.app\"}","GCLOUD_PROJECT":"dnd-misc-tools","EVENTARC_CLOUD_EVENT_SOURCE":"projects/dnd-misc-tools/locations/us-central1/services/createUserProfile","FUNCTION_TARGET":"createUserProfile","LOG_EXECUTION_ID":"true"},"maxInstanceCount":100,"ingressSettings":"ALLOW_ALL","uri":"https://createuserprofile-zmz42goduq-uc.a.run.app","serviceAccountEmail":"22467747328-compute@developer.gserviceaccount.com","availableMemory":"256Mi","allTrafficOnLatestRevision":true,"revision":"createuserprofile-00003-yay","maxInstanceRequestConcurrency":80,"availableCpu":"1"},"state":"ACTIVE","updateTime":"2025-02-02T21:27:56.889157481Z","labels":{"firebase-functions-hash":"2bd4d208a41521f5460990b69a2728ade2ee9510","deployment-tool":"cli-firebase","deployment-blocking":"before-create"},"environment":"GEN_2","url":"https://us-central1-dnd-misc-tools.cloudfunctions.net/createUserProfile","createTime":"2025-02-02T21:07:33.016924522Z"}}
[debug] [2025-02-02T21:29:00.851Z] Got source token ClZwcm9qZWN0cy8yMjQ2Nzc0NzMyOC9sb2NhdGlvbnMvdXMtY2VudHJhbDEvYnVpbGRzLzA0ZGExZjAxLTI4NjAtNDQ0Mi04ZGJjLTNiZDQ0NDY2NzdjZBJ1dXMtY2VudHJhbDEtZG9ja2VyLnBrZy5kZXYvZG5kLW1pc2MtdG9vbHMvZ2NmLWFydGlmYWN0cy9kbmQtLW1pc2MtLXRvb2xzX191cy0tY2VudHJhbDFfX2NyZWF0ZV91c2VyX3Byb2ZpbGU6dmVyc2lvbl8xGIC8utlTIklwcm9qZWN0cy9kbmQtbWlzYy10b29scy9sb2NhdGlvbnMvdXMtY2VudHJhbDEvZnVuY3Rpb25zL2NyZWF0ZVVzZXJQcm9maWxlKgwIkcf/vAYQmNG1lgIyCG5vZGVqczIyOnYKI2djci5pby9nYWUtcnVudGltZXMvbm9kZWpzMjI6c3RhYmxlEk91cy1jZW50cmFsMS1kb2NrZXIucGtnLmRldi9zZXJ2ZXJsZXNzLXJ1bnRpbWVzL2dvb2dsZS0yMi1mdWxsL3J1bnRpbWVzL25vZGVqczIyQAE= for region us-central1
[debug] [2025-02-02T21:29:00.851Z] Checked if tokens are valid: true, expires at: 1738535003795
[debug] [2025-02-02T21:29:00.851Z] Checked if tokens are valid: true, expires at: 1738535003795
[debug] [2025-02-02T21:29:00.851Z] >>> [apiv2][query] GET https://run.googleapis.com/v1/projects/dnd-misc-tools/locations/us-central1/services/createuserprofile:getIamPolicy [none]
[debug] [2025-02-02T21:29:02.978Z] <<< [apiv2][status] GET https://run.googleapis.com/v1/projects/dnd-misc-tools/locations/us-central1/services/createuserprofile:getIamPolicy 200
[debug] [2025-02-02T21:29:02.978Z] <<< [apiv2][body] GET https://run.googleapis.com/v1/projects/dnd-misc-tools/locations/us-central1/services/createuserprofile:getIamPolicy {"version":1,"etag":"BwYtLy3rXcw=","bindings":[{"role":"roles/run.invoker","members":["allUsers"]}]}
[debug] [2025-02-02T21:29:02.979Z] Checked if tokens are valid: true, expires at: 1738535003795
[debug] [2025-02-02T21:29:02.979Z] Checked if tokens are valid: true, expires at: 1738535003795
[debug] [2025-02-02T21:29:02.979Z] >>> [apiv2][query] GET https://identitytoolkit.googleapis.com/admin/v2/projects/dnd-misc-tools/config [none]
[debug] [2025-02-02T21:29:03.396Z] <<< [apiv2][status] GET https://identitytoolkit.googleapis.com/admin/v2/projects/dnd-misc-tools/config 200
[debug] [2025-02-02T21:29:03.396Z] <<< [apiv2][body] GET https://identitytoolkit.googleapis.com/admin/v2/projects/dnd-misc-tools/config {"name":"projects/22467747328/config","signIn":{"hashConfig":{"algorithm":"SCRYPT","signerKey":"qQEoiB9O07/x23P3YWjgr4JBXaPkgReR9nu6eEC49sFAwbGYXmGASgzbwLxA9C5HtfyLRtYKxYa99eQP6URQCA==","saltSeparator":"Bw==","rounds":8,"memoryCost":14}},"notification":{"sendEmail":{"method":"DEFAULT","resetPasswordTemplate":{"senderLocalPart":"noreply","subject":"Reset your password for %APP_NAME%","body":"<p>Hello,</p>\n<p>Follow this link to reset your %APP_NAME% password for your %EMAIL% account.</p>\n<p><a href='%LINK%'>%LINK%</a></p>\n<p>If you didnt ask to reset your password, you can ignore this email.</p>\n<p>Thanks,</p>\n<p>Your %APP_NAME% team</p>","bodyFormat":"HTML","replyTo":"noreply"},"verifyEmailTemplate":{"senderLocalPart":"noreply","subject":"Verify your email for %APP_NAME%","body":"<p>Hello %DISPLAY_NAME%,</p>\n<p>Follow this link to verify your email address.</p>\n<p><a href='%LINK%'>%LINK%</a></p>\n<p>If you didnt ask to verify this address, you can ignore this email.</p>\n<p>Thanks,</p>\n<p>Your %APP_NAME% team</p>","bodyFormat":"HTML","replyTo":"noreply"},"changeEmailTemplate":{"senderLocalPart":"noreply","subject":"Your sign-in email was changed for %APP_NAME%","body":"<p>Hello %DISPLAY_NAME%,</p>\n<p>Your sign-in email for %APP_NAME% was changed to %NEW_EMAIL%.</p>\n<p>If you didnt ask to change your email, follow this link to reset your sign-in email.</p>\n<p><a href='%LINK%'>%LINK%</a></p>\n<p>Thanks,</p>\n<p>Your %APP_NAME% team</p>","bodyFormat":"HTML","replyTo":"noreply"},"callbackUri":"https://dnd-misc-tools.firebaseapp.com/__/auth/action","dnsInfo":{"customDomainState":"NOT_STARTED","domainVerificationRequestTime":"1970-01-01T00:00:00Z"},"revertSecondFactorAdditionTemplate":{"senderLocalPart":"noreply","subject":"You've added 2 step verification to your %APP_NAME% account.","body":"<p>Hello %DISPLAY_NAME%,</p>\n<p>Your account in %APP_NAME% has been updated with %SECOND_FACTOR% for 2-step verification.</p>\n<p>If you didn't add this 2-step verification, click the link below to remove it.</p>\n<p><a href='%LINK%'>%LINK%</a></p>\n<p>Thanks,</p>\n<p>Your %APP_NAME% team</p>","bodyFormat":"HTML","replyTo":"noreply"}},"sendSms":{"smsTemplate":{"content":"%LOGIN_CODE% is your verification code for %APP_NAME%."}},"defaultLocale":"en"},"quota":{},"monitoring":{"requestLogging":{}},"multiTenant":{},"authorizedDomains":["localhost","dnd-misc-tools.firebaseapp.com","dnd-misc-tools.web.app","preview--dnd-misc-tools.europe-west4.hosted.app","live--dnd-misc-tools.europe-west4.hosted.app"],"subtype":"FIREBASE_AUTH","client":{"apiKey":"AIzaSyBc5gx-g566reGUT80-e5U6Av-7aqpmH6E","permissions":{},"firebaseSubdomain":"dnd-misc-tools"},"mfa":{"state":"DISABLED"},"blockingFunctions":{},"smsRegionConfig":{},"emailPrivacyConfig":{"enableImprovedEmailPrivacy":true}}
[debug] [2025-02-02T21:29:03.397Z] Checked if tokens are valid: true, expires at: 1738535003795
[debug] [2025-02-02T21:29:03.397Z] Checked if tokens are valid: true, expires at: 1738535003795
[debug] [2025-02-02T21:29:03.397Z] >>> [apiv2][query] PATCH https://identitytoolkit.googleapis.com/admin/v2/projects/dnd-misc-tools/config updateMask=blockingFunctions
[debug] [2025-02-02T21:29:03.397Z] >>> [apiv2][body] PATCH https://identitytoolkit.googleapis.com/admin/v2/projects/dnd-misc-tools/config {"blockingFunctions":{"triggers":{"beforeCreate":{"functionUri":"https://createuserprofile-zmz42goduq-uc.a.run.app"}},"forwardInboundCredentials":{"accessToken":false,"idToken":false,"refreshToken":false}}}
[debug] [2025-02-02T21:29:03.618Z] <<< [apiv2][status] PATCH https://identitytoolkit.googleapis.com/admin/v2/projects/dnd-misc-tools/config 400
[debug] [2025-02-02T21:29:03.618Z] <<< [apiv2][body] PATCH https://identitytoolkit.googleapis.com/admin/v2/projects/dnd-misc-tools/config {"error":{"code":400,"message":"OPERATION_NOT_ALLOWED : Blocking Functions may only be configured for GCIP projects.","status":"INVALID_ARGUMENT"}}
[error] Request to https://identitytoolkit.googleapis.com/admin/v2/projects/dnd-misc-tools/config?updateMask=blockingFunctions had HTTP Error: 400, OPERATION_NOT_ALLOWED : Blocking Functions may only be configured for GCIP projects.
[debug] [2025-02-02T21:29:03.620Z] Total Function Deployment time: 68543
[debug] [2025-02-02T21:29:03.620Z] 1 Functions Deployed
[debug] [2025-02-02T21:29:03.620Z] 1 Functions Errored
[debug] [2025-02-02T21:29:03.620Z] 0 Function Deployments Aborted
[debug] [2025-02-02T21:29:03.620Z] Average Function Deployment time: 68542
[info] 
[info] Functions deploy had errors with the following functions:
	createUserProfile(us-central1)
[info] i  functions: cleaning up build files... 
[debug] [2025-02-02T21:29:03.621Z] Checked if tokens are valid: true, expires at: 1738535003795
[debug] [2025-02-02T21:29:03.621Z] Checked if tokens are valid: true, expires at: 1738535003795
[debug] [2025-02-02T21:29:03.622Z] Checked if tokens are valid: true, expires at: 1738535003795
[debug] [2025-02-02T21:29:03.622Z] Checked if tokens are valid: true, expires at: 1738535003795
[debug] [2025-02-02T21:29:03.622Z] >>> [apiv2][query] DELETE https://artifactregistry.googleapis.com/v1beta2/projects/dnd-misc-tools/locations/us-central1/repositories/gcf-artifacts/packages/create_user_profile [none]
[debug] [2025-02-02T21:29:03.622Z] >>> [apiv2][query] GET https://us.gcr.io/v2/dnd-misc-tools/gcf/us-central1/tags/list [none]
[debug] [2025-02-02T21:29:04.138Z] <<< [apiv2][status] GET https://us.gcr.io/v2/dnd-misc-tools/gcf/us-central1/tags/list 404
[debug] [2025-02-02T21:29:04.138Z] <<< [apiv2][body] GET https://us.gcr.io/v2/dnd-misc-tools/gcf/us-central1/tags/list {"errors":[{"code":"NAME_UNKNOWN","message":"Repository \"us.gcr.io\" not found"}]}
[debug] [2025-02-02T21:29:04.138Z] Failed docker command with error  Request to https://us.gcr.io/v2/dnd-misc-tools/gcf/us-central1/tags/list had HTTP Error: 404, Not Found {"name":"FirebaseError","children":[],"context":{"body":{"errors":[{"code":"NAME_UNKNOWN","message":"Repository \"us.gcr.io\" not found"}],"error":{"message":"Not Found"}},"response":{"statusCode":404}},"exit":1,"message":"Request to https://us.gcr.io/v2/dnd-misc-tools/gcf/us-central1/tags/list had HTTP Error: 404, Not Found","status":404}
[debug] [2025-02-02T21:29:04.148Z] Checked if tokens are valid: true, expires at: 1738535003795
[debug] [2025-02-02T21:29:04.148Z] Checked if tokens are valid: true, expires at: 1738535003795
[debug] [2025-02-02T21:29:04.148Z] >>> [apiv2][query] GET https://us.gcr.io/v2/dnd-misc-tools/gcf/us-central1/tags/list [none]
[debug] [2025-02-02T21:29:04.395Z] <<< [apiv2][status] GET https://us.gcr.io/v2/dnd-misc-tools/gcf/us-central1/tags/list 404
[debug] [2025-02-02T21:29:04.395Z] <<< [apiv2][body] GET https://us.gcr.io/v2/dnd-misc-tools/gcf/us-central1/tags/list {"errors":[{"code":"NAME_UNKNOWN","message":"Repository \"us.gcr.io\" not found"}]}
[debug] [2025-02-02T21:29:04.395Z] Failed docker command with error  Request to https://us.gcr.io/v2/dnd-misc-tools/gcf/us-central1/tags/list had HTTP Error: 404, Not Found {"name":"FirebaseError","children":[],"context":{"body":{"errors":[{"code":"NAME_UNKNOWN","message":"Repository \"us.gcr.io\" not found"}],"error":{"message":"Not Found"}},"response":{"statusCode":404}},"exit":1,"message":"Request to https://us.gcr.io/v2/dnd-misc-tools/gcf/us-central1/tags/list had HTTP Error: 404, Not Found","status":404}
[debug] [2025-02-02T21:29:04.503Z] Checked if tokens are valid: true, expires at: 1738535003795
[debug] [2025-02-02T21:29:04.503Z] Checked if tokens are valid: true, expires at: 1738535003795
[debug] [2025-02-02T21:29:04.503Z] >>> [apiv2][query] GET https://us.gcr.io/v2/dnd-misc-tools/gcf/us-central1/tags/list [none]
[debug] [2025-02-02T21:29:04.653Z] <<< [apiv2][status] DELETE https://artifactregistry.googleapis.com/v1beta2/projects/dnd-misc-tools/locations/us-central1/repositories/gcf-artifacts/packages/create_user_profile 404
[debug] [2025-02-02T21:29:04.653Z] <<< [apiv2][body] DELETE https://artifactregistry.googleapis.com/v1beta2/projects/dnd-misc-tools/locations/us-central1/repositories/gcf-artifacts/packages/create_user_profile {"error":{"code":404,"message":"Package \"projects/dnd-misc-tools/locations/us-central1/repositories/gcf-artifacts/packages/create_user_profile\" was not found.","status":"NOT_FOUND"}}
[debug] [2025-02-02T21:29:04.744Z] <<< [apiv2][status] GET https://us.gcr.io/v2/dnd-misc-tools/gcf/us-central1/tags/list 404
[debug] [2025-02-02T21:29:04.744Z] <<< [apiv2][body] GET https://us.gcr.io/v2/dnd-misc-tools/gcf/us-central1/tags/list {"errors":[{"code":"NAME_UNKNOWN","message":"Repository \"us.gcr.io\" not found"}]}
[debug] [2025-02-02T21:29:04.744Z] Failed docker command with error  Request to https://us.gcr.io/v2/dnd-misc-tools/gcf/us-central1/tags/list had HTTP Error: 404, Not Found {"name":"FirebaseError","children":[],"context":{"body":{"errors":[{"code":"NAME_UNKNOWN","message":"Repository \"us.gcr.io\" not found"}],"error":{"message":"Not Found"}},"response":{"statusCode":404}},"exit":1,"message":"Request to https://us.gcr.io/v2/dnd-misc-tools/gcf/us-central1/tags/list had HTTP Error: 404, Not Found","status":404}
[warn] !  functions: Unhandled error cleaning up build images. This could result in a small monthly bill if not corrected. You can attempt to delete these images by redeploying or you can delete them manually at https://console.cloud.google.com/gcr/images/dnd-misc-tools/us/gcf 
[debug] [2025-02-02T21:29:04.745Z] Functions deploy failed.
[debug] [2025-02-02T21:29:04.745Z] {
  "endpoint": {
    "id": "createUserProfile",
    "project": "dnd-misc-tools",
    "region": "us-central1",
    "entryPoint": "createUserProfile",
    "platform": "gcfv2",
    "runtime": "nodejs22",
    "blockingTrigger": {
      "eventType": "providers/cloud.auth/eventTypes/user.beforeCreate",
      "options": {
        "accessToken": false,
        "idToken": false,
        "refreshToken": false
      }
    },
    "labels": {
      "deployment-tool": "cli-firebase"
    },
    "ingressSettings": null,
    "availableMemoryMb": null,
    "serviceAccount": null,
    "timeoutSeconds": null,
    "maxInstances": null,
    "minInstances": null,
    "concurrency": 80,
    "vpc": null,
    "environmentVariables": {
      "FIREBASE_CONFIG": "{\"projectId\":\"dnd-misc-tools\",\"storageBucket\":\"dnd-misc-tools.firebasestorage.app\"}",
      "GCLOUD_PROJECT": "dnd-misc-tools",
      "EVENTARC_CLOUD_EVENT_SOURCE": "projects/dnd-misc-tools/locations/us-central1/services/createUserProfile",
      "FUNCTION_TARGET": "createUserProfile",
      "LOG_EXECUTION_ID": "true"
    },
    "codebase": "default",
    "runServiceId": "createuserprofile",
    "cpu": 1,
    "securityLevel": "SECURE_ALWAYS",
    "targetedByOnly": false,
    "hash": "2bd4d208a41521f5460990b69a2728ade2ee9510",
    "uri": "https://createuserprofile-zmz42goduq-uc.a.run.app"
  },
  "op": "register blocking trigger",
  "original": {
    "name": "FirebaseError",
    "children": [],
    "context": {
      "body": {
        "error": {
          "code": 400,
          "message": "OPERATION_NOT_ALLOWED : Blocking Functions may only be configured for GCIP projects.",
          "status": "INVALID_ARGUMENT"
        }
      },
      "response": {
        "statusCode": 400
      }
    },
    "exit": 1,
    "message": "Request to https://identitytoolkit.googleapis.com/admin/v2/projects/dnd-misc-tools/config?updateMask=blockingFunctions had HTTP Error: 400, OPERATION_NOT_ALLOWED : Blocking Functions may only be configured for GCIP projects.",
    "status": 400,
    "code": 400
  }
}
[debug] [2025-02-02T21:29:04.745Z] Error: Failed to register blocking trigger function createUserProfile in region us-central1
    at C:\Users\kristoffach\AppData\Roaming\npm\node_modules\firebase-tools\lib\deploy\functions\release\fabricator.js:52:11
    at process.processTicksAndRejections (node:internal/process/task_queues:95:5)
    at async Fabricator.registerBlockingTrigger (C:\Users\kristoffach\AppData\Roaming\npm\node_modules\firebase-tools\lib\deploy\functions\release\fabricator.js:535:9)
    at async Fabricator.setTrigger (C:\Users\kristoffach\AppData\Roaming\npm\node_modules\firebase-tools\lib\deploy\functions\release\fabricator.js:489:13)
    at async Fabricator.updateEndpoint (C:\Users\kristoffach\AppData\Roaming\npm\node_modules\firebase-tools\lib\deploy\functions\release\fabricator.js:160:9)
    at async handle (C:\Users\kristoffach\AppData\Roaming\npm\node_modules\firebase-tools\lib\deploy\functions\release\fabricator.js:89:17)
[error] 
[error] Error: There was an error deploying functions
